<?xml version="1.0" encoding="UTF-8"?>
<testsuites name="TS_LogicLifePlan" time="535" tests="1" failures="0" errors="0">
   <testsuite name="TS_LogicLifePlan" tests="1" failures="0" errors="0" time="535" timestamp="2019-07-18 14:59:24" hostname="HAU NGUYEN -TEQ - HP-Probook-450-G4.Home" id="Test Suites/TS_LogicLifePlan">
      <properties>
         <property name="deviceName" value=""/>
         <property name="devicePlatform" value=""/>
         <property name="logFolder" value="C:\\Users\\HAU NGUYEN -TEQ\\Katalon Studio\\KDDI\\Reports\\TS_LogicLifePlan\\20190718_145920"/>
         <property name="logFiles" value="C:\\Users\\HAU NGUYEN -TEQ\\Katalon Studio\\KDDI\\Reports\\TS_LogicLifePlan\\20190718_145920\\execution0.log"/>
         <property name="attachments" value=""/>
         <property name="hostName" value="HAU NGUYEN -TEQ - HP-Probook-450-G4.Home"/>
         <property name="os" value="Windows 10 64bit"/>
         <property name="katalonVersion" value="6.1.4.1"/>
         <property name="browser" value="Chrome 4"/>
         <property name="hostAddress" value="10.28.74.144"/>
         <property name="sessionId" value="8c8b0f76109f4cd922b9d087d5b2bb21"/>
         <property name="seleniumVersion" value="3.7.1"/>
         <property name="proxyInformation" value="ProxyInformation{proxyOption=NO_PROXY, proxyServerType=HTTP, password=, proxyServerAddress=, proxyServerPort=0}"/>
         <property name="platform" value="Windows 10"/>
      </properties>
      <testcase name="Test Cases/Write/TC_WriteDataIntoExcelFile" classname="Test Cases/Write/TC_WriteDataIntoExcelFile" status="PASSED">
         <system-out><![CDATA[2019-07-18 14:59:25 - [TEST_CASE][PASSED] - Test Cases/Write/TC_WriteDataIntoExcelFile: Test Cases/Write/TC_WriteDataIntoExcelFile

2019-07-18 14:59:25 - [TEST_STEP][PASSED] - log = new com.kms.katalon.core.logging.KeywordLogger(): null

2019-07-18 14:59:25 - [TEST_STEP][PASSED] - excelFile = "C:\Users\HAU NGUYEN -TEQ\Katalon Studio\KDDI\CheckLogic_lifeplan.xlsx": null

2019-07-18 14:59:25 - [TEST_STEP][PASSED] - sheetName = "changeLogic_1207": null

2019-07-18 14:59:25 - [TEST_STEP][PASSED] - lifePlanFile = getWorkbook(excelFile): null

2019-07-18 14:59:31 - [TEST_STEP][PASSED] - sheet01 = getExcelSheet(lifePlanFile, sheetName): null

2019-07-18 14:59:31 - [TEST_STEP][NOT_RUN] - cellIndex = getCellIndexByAddress(sheet01, "Y13"): NOT_RUN: cellIndex = getCellIndexByAddress(sheet01, "Y13")

2019-07-18 14:59:31 - [MESSAGE][NOT_RUN] - NOT_RUN: cellIndex = getCellIndexByAddress(sheet01, "Y13")

2019-07-18 14:59:31 - [TEST_STEP][PASSED] - amountAt65OnWebApp = <not implemented yet for class: org.codehaus.groovy.ast.expr.EmptyExpression>: null

2019-07-18 14:59:31 - [TEST_STEP][PASSED] - for ([i = 1, i <= 32, (i++)]): null

2019-07-18 14:59:31 - [TEST_STEP][PASSED] - if (i < 10): Call Test Case 'Test Cases/TC_LifePlanAnalytics/TC_Scr01-01' successfully

2019-07-18 14:59:31 - [TEST_STEP][PASSED] - amountAt65OnWebApp = callTestCase(findTestCase("TC_LifePlanAnalytics/TC_Scr01-0" + i), [:], OPTIONAL): Call Test Case 'Test Cases/TC_LifePlanAnalytics/TC_Scr01-01' successfully

2019-07-18 14:59:31 - [TEST_CASE][PASSED] - Test Cases/TC_LifePlanAnalytics/TC_Scr01-01: Test Cases/TC_LifePlanAnalytics/TC_Scr01-01

2019-07-18 14:59:32 - [TEST_STEP][PASSED] - log = new com.kms.katalon.core.logging.KeywordLogger(): null

2019-07-18 14:59:32 - [TEST_STEP][PASSED] - callTestCase(findTestCase("TC_AddVTKT"), [:], STOP_ON_FAILURE): Call Test Case 'Test Cases/TC_AddVTKT' successfully

2019-07-18 14:59:32 - [TEST_CASE][PASSED] - Test Cases/TC_AddVTKT: Test Cases/TC_AddVTKT

2019-07-18 14:59:32 - [TEST_STEP][PASSED] - openBrowser(""): Browser is opened with url: ''

2019-07-18 14:59:32 - [MESSAGE][INFO] - Starting 'Chrome' driver

2019-07-18 14:59:32 - [MESSAGE][INFO] - User set preference: ['args', '[-user-agent=Mozilla/5.0 (Linux; Android 9; SOV37 Build/52.0.C.1.112; wv) AppleWebKit/537.36 (KHTML, like Gecko) Version/4.0 Chrome/68.0.3440.91 Mobile Safari/537.36 6.0.2-k1]']

2019-07-18 14:59:33 - [MESSAGE][INFO] - Action delay is set to 0 seconds

2019-07-18 14:59:37 - [MESSAGE][PASSED] - Browser is opened with url: ''

2019-07-18 14:59:37 - [TEST_STEP][PASSED] - navigateToUrl("https://dev.pfm.wallet.auone.jp/life_plan/"): Navigate to 'https://dev.pfm.wallet.auone.jp/life_plan/' successfully

2019-07-18 14:59:40 - [MESSAGE][PASSED] - Navigate to 'https://dev.pfm.wallet.auone.jp/life_plan/' successfully

2019-07-18 14:59:40 - [TEST_STEP][PASSED] - maximizeWindow(): Current window maximized

2019-07-18 14:59:41 - [MESSAGE][PASSED] - Current window maximized

2019-07-18 14:59:41 - [TEST_STEP][PASSED] - ck = new org.openqa.selenium.Cookie(VTKT, rtm0wCOc6hTIFjf19P7KEEn-NB7Jp8k5QvzBE7r1OxqcIYMRdmnbLGJqQYL7Lnv_Z7-e796XbNYuZ-AS_eJwPNQgQ4Kz3YSmcqmHm1CSCJAtHREgQ8GKcl29Banngbs4XK1ZuH_eUsCeXHVH0I8mIQ): null

2019-07-18 14:59:41 - [TEST_STEP][PASSED] - driver = getWebDriver(): null

2019-07-18 14:59:41 - [TEST_STEP][PASSED] - manage().addCookie(ck): null

2019-07-18 14:59:42 - [TEST_STEP][PASSED] - waitForPageLoad(10): Wait for page load successfully

2019-07-18 14:59:42 - [MESSAGE][PASSED] - Wait for page load successfully

2019-07-18 14:59:42 - [TEST_STEP][PASSED] - refresh(): Refresh successfully

2019-07-18 14:59:42 - [MESSAGE][PASSED] - Refresh successfully

2019-07-18 14:59:42 - [MESSAGE][PASSED] - Call Test Case 'Test Cases/TC_AddVTKT' successfully

2019-07-18 14:59:42 - [TEST_STEP][PASSED] - click(findTestObject("Tab_LifePlan/Page_LifePlanResult/btn_LifePlan")): Object: 'Object Repository/Tab_LifePlan/Page_LifePlanResult/btn_LifePlan' is clicked on

2019-07-18 14:59:45 - [MESSAGE][PASSED] - Object: 'Object Repository/Tab_LifePlan/Page_LifePlanResult/btn_LifePlan' is clicked on

2019-07-18 14:59:45 - [TEST_STEP][PASSED] - click(findTestObject("Tab_LifePlan/Page_Q01_Age/Age_20")): Object: 'Object Repository/Tab_LifePlan/Page_Q01_Age/Age_20' is clicked on

2019-07-18 14:59:46 - [MESSAGE][PASSED] - Object: 'Object Repository/Tab_LifePlan/Page_Q01_Age/Age_20' is clicked on

2019-07-18 14:59:46 - [TEST_STEP][PASSED] - click(findTestObject("Tab_LifePlan/Page_Q02_CurrentSituation/Single")): Object: 'Object Repository/Tab_LifePlan/Page_Q02_CurrentSituation/Single' is clicked on

2019-07-18 14:59:46 - [MESSAGE][PASSED] - Object: 'Object Repository/Tab_LifePlan/Page_Q02_CurrentSituation/Single' is clicked on

2019-07-18 14:59:46 - [TEST_STEP][PASSED] - click(findTestObject("Tab_LifePlan/Page_Q03_Children/Children_0")): Object: 'Object Repository/Tab_LifePlan/Page_Q03_Children/Children_0' is clicked on

2019-07-18 14:59:47 - [MESSAGE][PASSED] - Object: 'Object Repository/Tab_LifePlan/Page_Q03_Children/Children_0' is clicked on

2019-07-18 14:59:47 - [TEST_STEP][PASSED] - click(findTestObject("Tab_LifePlan/Page_Q04_Future/NoPlanToMarry")): Object: 'Object Repository/Tab_LifePlan/Page_Q04_Future/NoPlanToMarry' is clicked on

2019-07-18 14:59:47 - [MESSAGE][PASSED] - Object: 'Object Repository/Tab_LifePlan/Page_Q04_Future/NoPlanToMarry' is clicked on

2019-07-18 14:59:47 - [TEST_STEP][PASSED] - click(findTestObject("Tab_LifePlan/Page_Q07_YourIncome/income_300")): Object: 'Object Repository/Tab_LifePlan/Page_Q07_YourIncome/income_300' is clicked on

2019-07-18 14:59:47 - [MESSAGE][PASSED] - Object: 'Object Repository/Tab_LifePlan/Page_Q07_YourIncome/income_300' is clicked on

2019-07-18 14:59:47 - [TEST_STEP][PASSED] - scrollToElement(findTestObject("Tab_LifePlan/Page_Q07_YourIncome/btn_Next"), 10): Scroll to object 'Object Repository/Tab_LifePlan/Page_Q07_YourIncome/btn_Next' successfully

2019-07-18 14:59:47 - [MESSAGE][PASSED] - Scroll to object 'Object Repository/Tab_LifePlan/Page_Q07_YourIncome/btn_Next' successfully

2019-07-18 14:59:47 - [TEST_STEP][PASSED] - click(findTestObject("Tab_LifePlan/Page_Q07_YourIncome/chk_PartTimeIncome")): Object: 'Object Repository/Tab_LifePlan/Page_Q07_YourIncome/chk_PartTimeIncome' is clicked on

2019-07-18 14:59:47 - [MESSAGE][PASSED] - Object: 'Object Repository/Tab_LifePlan/Page_Q07_YourIncome/chk_PartTimeIncome' is clicked on

2019-07-18 14:59:47 - [TEST_STEP][PASSED] - click(findTestObject("Tab_LifePlan/Page_Q07_YourIncome/chk_NoRetirementPay")): Object: 'Object Repository/Tab_LifePlan/Page_Q07_YourIncome/chk_NoRetirementPay' is clicked on

2019-07-18 14:59:47 - [MESSAGE][PASSED] - Object: 'Object Repository/Tab_LifePlan/Page_Q07_YourIncome/chk_NoRetirementPay' is clicked on

2019-07-18 14:59:47 - [TEST_STEP][PASSED] - click(findTestObject("Tab_LifePlan/Page_Q07_YourIncome/btn_Next")): Object: 'Object Repository/Tab_LifePlan/Page_Q07_YourIncome/btn_Next' is clicked on

2019-07-18 14:59:48 - [MESSAGE][PASSED] - Object: 'Object Repository/Tab_LifePlan/Page_Q07_YourIncome/btn_Next' is clicked on

2019-07-18 14:59:48 - [TEST_STEP][PASSED] - scrollToElement(findTestObject("Tab_LifePlan/Page_Q09_RentHouse/OwnedHouse"), 10): Scroll to object 'Object Repository/Tab_LifePlan/Page_Q09_RentHouse/OwnedHouse' successfully

2019-07-18 14:59:48 - [MESSAGE][PASSED] - Scroll to object 'Object Repository/Tab_LifePlan/Page_Q09_RentHouse/OwnedHouse' successfully

2019-07-18 14:59:48 - [TEST_STEP][PASSED] - click(findTestObject("Tab_LifePlan/Page_Q09_RentHouse/OwnedHouse")): Object: 'Object Repository/Tab_LifePlan/Page_Q09_RentHouse/OwnedHouse' is clicked on

2019-07-18 14:59:48 - [MESSAGE][PASSED] - Object: 'Object Repository/Tab_LifePlan/Page_Q09_RentHouse/OwnedHouse' is clicked on

2019-07-18 14:59:48 - [TEST_STEP][PASSED] - click(findTestObject("Tab_LifePlan/Page_Q09_RentHouse/rent_1")): Object: 'Object Repository/Tab_LifePlan/Page_Q09_RentHouse/rent_1' is clicked on

2019-07-18 14:59:48 - [MESSAGE][PASSED] - Object: 'Object Repository/Tab_LifePlan/Page_Q09_RentHouse/rent_1' is clicked on

2019-07-18 14:59:48 - [TEST_STEP][PASSED] - scrollToElement(findTestObject("Tab_LifePlan/Page_Q09_RentHouse/btn_Next"), 0): Scroll to object 'Object Repository/Tab_LifePlan/Page_Q09_RentHouse/btn_Next' successfully

2019-07-18 14:59:48 - [MESSAGE][WARNING] - Timeout '0' is invalid. Using default page load timeout: '30'

2019-07-18 14:59:48 - [MESSAGE][PASSED] - Scroll to object 'Object Repository/Tab_LifePlan/Page_Q09_RentHouse/btn_Next' successfully

2019-07-18 14:59:48 - [TEST_STEP][PASSED] - click(findTestObject("Tab_LifePlan/Page_Q09_RentHouse/btn_Next")): Object: 'Object Repository/Tab_LifePlan/Page_Q09_RentHouse/btn_Next' is clicked on

2019-07-18 14:59:48 - [MESSAGE][PASSED] - Object: 'Object Repository/Tab_LifePlan/Page_Q09_RentHouse/btn_Next' is clicked on

2019-07-18 14:59:48 - [TEST_STEP][PASSED] - click(findTestObject("Tab_LifePlan/Page_Q10_CostOfLiving/cost_1")): Object: 'Object Repository/Tab_LifePlan/Page_Q10_CostOfLiving/cost_1' is clicked on

2019-07-18 14:59:48 - [MESSAGE][PASSED] - Object: 'Object Repository/Tab_LifePlan/Page_Q10_CostOfLiving/cost_1' is clicked on

2019-07-18 14:59:48 - [TEST_STEP][PASSED] - click(findTestObject("Tab_LifePlan/Page_Q11_CurrentSavingsAmount/amount_0")): Object: 'Object Repository/Tab_LifePlan/Page_Q11_CurrentSavingsAmount/amount_0' is clicked on

2019-07-18 14:59:49 - [MESSAGE][PASSED] - Object: 'Object Repository/Tab_LifePlan/Page_Q11_CurrentSavingsAmount/amount_0' is clicked on

2019-07-18 14:59:49 - [TEST_STEP][PASSED] - waitForElementPresent(findTestObject("Tab_LifePlan/Page_LifePlanResult/tv_AmountAt65"), 20): Object 'Object Repository/Tab_LifePlan/Page_LifePlanResult/tv_AmountAt65' is present

2019-07-18 14:59:50 - [MESSAGE][PASSED] - Object 'Object Repository/Tab_LifePlan/Page_LifePlanResult/tv_AmountAt65' is present

2019-07-18 14:59:50 - [TEST_STEP][PASSED] - amountAt65OnWebApp = getText(findTestObject("Tab_LifePlan/Page_LifePlanResult/tv_AmountAt65")): Text of object 'Object Repository/Tab_LifePlan/Page_LifePlanResult/tv_AmountAt65' is: '+7,381.38'

2019-07-18 14:59:50 - [MESSAGE][PASSED] - Text of object 'Object Repository/Tab_LifePlan/Page_LifePlanResult/tv_AmountAt65' is: '+7,381.38'

2019-07-18 14:59:50 - [TEST_STEP][PASSED] - testcaseName = lastIndexOf("\") + 1).replace(".tc", ""): null

2019-07-18 14:59:50 - [TEST_STEP][PASSED] - log.logInfo(testcaseName): TS_LogicLifePlan.ts

2019-07-18 14:59:50 - [MESSAGE][INFO] - TS_LogicLifePlan.ts

2019-07-18 14:59:50 - [TEST_STEP][PASSED] - log.logInfo(amountAt65OnWebApp): +7,381.38

2019-07-18 14:59:50 - [MESSAGE][INFO] - +7,381.38

2019-07-18 14:59:50 - [TEST_STEP][PASSED] - closeBrowser(): Browser is closed

2019-07-18 14:59:51 - [MESSAGE][PASSED] - Browser is closed

2019-07-18 14:59:51 - [TEST_STEP][PASSED] - return amountAt65OnWebApp: null

2019-07-18 14:59:51 - [MESSAGE][PASSED] - Call Test Case 'Test Cases/TC_LifePlanAnalytics/TC_Scr01-01' successfully

2019-07-18 14:59:51 - [TEST_STEP][PASSED] - log.logInfo("TC_Scr01-" + i + " = " + amountAt65OnWebApp): TC_Scr01-1 = +7,381.38

2019-07-18 14:59:51 - [MESSAGE][INFO] - TC_Scr01-1 = +7,381.38

2019-07-18 14:59:51 - [TEST_STEP][PASSED] - setValueToCellByIndex(sheet01, 11 + i, 24, amountAt65OnWebApp): null

2019-07-18 14:59:51 - [TEST_STEP][PASSED] - if (i < 10): Call Test Case 'Test Cases/TC_LifePlanAnalytics/TC_Scr01-02' successfully

2019-07-18 14:59:51 - [TEST_STEP][PASSED] - amountAt65OnWebApp = callTestCase(findTestCase("TC_LifePlanAnalytics/TC_Scr01-0" + i), [:], OPTIONAL): Call Test Case 'Test Cases/TC_LifePlanAnalytics/TC_Scr01-02' successfully

2019-07-18 14:59:51 - [TEST_CASE][PASSED] - Test Cases/TC_LifePlanAnalytics/TC_Scr01-02: Test Cases/TC_LifePlanAnalytics/TC_Scr01-02

2019-07-18 14:59:51 - [TEST_STEP][PASSED] - log = new com.kms.katalon.core.logging.KeywordLogger(): null

2019-07-18 14:59:51 - [TEST_STEP][PASSED] - callTestCase(findTestCase("TC_AddVTKT"), [:], STOP_ON_FAILURE): Call Test Case 'Test Cases/TC_AddVTKT' successfully

2019-07-18 14:59:51 - [TEST_CASE][PASSED] - Test Cases/TC_AddVTKT: Test Cases/TC_AddVTKT

2019-07-18 14:59:51 - [TEST_STEP][PASSED] - openBrowser(""): Browser is opened with url: ''

2019-07-18 14:59:51 - [MESSAGE][INFO] - Starting 'Chrome' driver

2019-07-18 14:59:51 - [MESSAGE][INFO] - User set preference: ['args', '[-user-agent=Mozilla/5.0 (Linux; Android 9; SOV37 Build/52.0.C.1.112; wv) AppleWebKit/537.36 (KHTML, like Gecko) Version/4.0 Chrome/68.0.3440.91 Mobile Safari/537.36 6.0.2-k1]']

2019-07-18 14:59:53 - [MESSAGE][PASSED] - Browser is opened with url: ''

2019-07-18 14:59:53 - [TEST_STEP][PASSED] - navigateToUrl("https://dev.pfm.wallet.auone.jp/life_plan/"): Navigate to 'https://dev.pfm.wallet.auone.jp/life_plan/' successfully

2019-07-18 14:59:56 - [MESSAGE][PASSED] - Navigate to 'https://dev.pfm.wallet.auone.jp/life_plan/' successfully

2019-07-18 14:59:56 - [TEST_STEP][PASSED] - maximizeWindow(): Current window maximized

2019-07-18 14:59:57 - [MESSAGE][PASSED] - Current window maximized

2019-07-18 14:59:57 - [TEST_STEP][PASSED] - ck = new org.openqa.selenium.Cookie(VTKT, rtm0wCOc6hTIFjf19P7KEEn-NB7Jp8k5QvzBE7r1OxqcIYMRdmnbLGJqQYL7Lnv_Z7-e796XbNYuZ-AS_eJwPNQgQ4Kz3YSmcqmHm1CSCJAtHREgQ8GKcl29Banngbs4XK1ZuH_eUsCeXHVH0I8mIQ): null

2019-07-18 14:59:57 - [TEST_STEP][PASSED] - driver = getWebDriver(): null

2019-07-18 14:59:57 - [TEST_STEP][PASSED] - manage().addCookie(ck): null

2019-07-18 14:59:57 - [TEST_STEP][PASSED] - waitForPageLoad(10): Wait for page load successfully

2019-07-18 14:59:57 - [MESSAGE][PASSED] - Wait for page load successfully

2019-07-18 14:59:57 - [TEST_STEP][PASSED] - refresh(): Refresh successfully

2019-07-18 14:59:58 - [MESSAGE][PASSED] - Refresh successfully

2019-07-18 14:59:58 - [MESSAGE][PASSED] - Call Test Case 'Test Cases/TC_AddVTKT' successfully

2019-07-18 14:59:58 - [TEST_STEP][PASSED] - click(findTestObject("Tab_LifePlan/Page_LifePlanResult/btn_LifePlan")): Object: 'Object Repository/Tab_LifePlan/Page_LifePlanResult/btn_LifePlan' is clicked on

2019-07-18 15:00:01 - [MESSAGE][PASSED] - Object: 'Object Repository/Tab_LifePlan/Page_LifePlanResult/btn_LifePlan' is clicked on

2019-07-18 15:00:01 - [TEST_STEP][PASSED] - click(findTestObject("Tab_LifePlan/Page_Q01_Age/Age_30")): Object: 'Object Repository/Tab_LifePlan/Page_Q01_Age/Age_30' is clicked on

2019-07-18 15:00:02 - [MESSAGE][PASSED] - Object: 'Object Repository/Tab_LifePlan/Page_Q01_Age/Age_30' is clicked on

2019-07-18 15:00:02 - [TEST_STEP][PASSED] - click(findTestObject("Tab_LifePlan/Page_Q02_CurrentSituation/Single")): Object: 'Object Repository/Tab_LifePlan/Page_Q02_CurrentSituation/Single' is clicked on

2019-07-18 15:00:02 - [MESSAGE][PASSED] - Object: 'Object Repository/Tab_LifePlan/Page_Q02_CurrentSituation/Single' is clicked on

2019-07-18 15:00:02 - [TEST_STEP][PASSED] - click(findTestObject("Tab_LifePlan/Page_Q03_Children/Children_0")): Object: 'Object Repository/Tab_LifePlan/Page_Q03_Children/Children_0' is clicked on

2019-07-18 15:00:02 - [MESSAGE][PASSED] - Object: 'Object Repository/Tab_LifePlan/Page_Q03_Children/Children_0' is clicked on

2019-07-18 15:00:02 - [TEST_STEP][PASSED] - click(findTestObject("Tab_LifePlan/Page_Q04_Future/WantToGetMarried")): Object: 'Object Repository/Tab_LifePlan/Page_Q04_Future/WantToGetMarried' is clicked on

2019-07-18 15:00:02 - [MESSAGE][PASSED] - Object: 'Object Repository/Tab_LifePlan/Page_Q04_Future/WantToGetMarried' is clicked on

2019-07-18 15:00:02 - [TEST_STEP][PASSED] - click(findTestObject("Tab_LifePlan/Page_Q05_WhenGetMarry/Years_Undecided")): Object: 'Object Repository/Tab_LifePlan/Page_Q05_WhenGetMarry/Years_Undecided' is clicked on

2019-07-18 15:00:02 - [MESSAGE][PASSED] - Object: 'Object Repository/Tab_LifePlan/Page_Q05_WhenGetMarry/Years_Undecided' is clicked on

2019-07-18 15:00:02 - [TEST_STEP][PASSED] - click(findTestObject("Tab_LifePlan/Page_Q07_YourIncome/income_400")): Object: 'Object Repository/Tab_LifePlan/Page_Q07_YourIncome/income_400' is clicked on

2019-07-18 15:00:02 - [MESSAGE][PASSED] - Object: 'Object Repository/Tab_LifePlan/Page_Q07_YourIncome/income_400' is clicked on

2019-07-18 15:00:02 - [TEST_STEP][PASSED] - scrollToElement(findTestObject("Tab_LifePlan/Page_Q07_YourIncome/btn_Next"), 10): Scroll to object 'Object Repository/Tab_LifePlan/Page_Q07_YourIncome/btn_Next' successfully

2019-07-18 15:00:02 - [MESSAGE][PASSED] - Scroll to object 'Object Repository/Tab_LifePlan/Page_Q07_YourIncome/btn_Next' successfully

2019-07-18 15:00:02 - [TEST_STEP][PASSED] - click(findTestObject("Tab_LifePlan/Page_Q07_YourIncome/chk_PartTimeIncome")): Object: 'Object Repository/Tab_LifePlan/Page_Q07_YourIncome/chk_PartTimeIncome' is clicked on

2019-07-18 15:00:03 - [MESSAGE][PASSED] - Object: 'Object Repository/Tab_LifePlan/Page_Q07_YourIncome/chk_PartTimeIncome' is clicked on

2019-07-18 15:00:03 - [TEST_STEP][PASSED] - click(findTestObject("Tab_LifePlan/Page_Q07_YourIncome/chk_NoRetirementPay")): Object: 'Object Repository/Tab_LifePlan/Page_Q07_YourIncome/chk_NoRetirementPay' is clicked on

2019-07-18 15:00:03 - [MESSAGE][PASSED] - Object: 'Object Repository/Tab_LifePlan/Page_Q07_YourIncome/chk_NoRetirementPay' is clicked on

2019-07-18 15:00:03 - [TEST_STEP][PASSED] - click(findTestObject("Tab_LifePlan/Page_Q07_YourIncome/btn_Next")): Object: 'Object Repository/Tab_LifePlan/Page_Q07_YourIncome/btn_Next' is clicked on

2019-07-18 15:00:03 - [MESSAGE][PASSED] - Object: 'Object Repository/Tab_LifePlan/Page_Q07_YourIncome/btn_Next' is clicked on

2019-07-18 15:00:03 - [TEST_STEP][PASSED] - click(findTestObject("Tab_LifePlan/Page_Q08_IncomeOfTheSpouse/income_UpTo300")): Object: 'Object Repository/Tab_LifePlan/Page_Q08_IncomeOfTheSpouse/income_UpTo300' is clicked on

2019-07-18 15:00:03 - [MESSAGE][PASSED] - Object: 'Object Repository/Tab_LifePlan/Page_Q08_IncomeOfTheSpouse/income_UpTo300' is clicked on

2019-07-18 15:00:03 - [TEST_STEP][PASSED] - scrollToElement(findTestObject("Tab_LifePlan/Page_Q08_IncomeOfTheSpouse/btn_Next"), 10): Scroll to object 'Object Repository/Tab_LifePlan/Page_Q08_IncomeOfTheSpouse/btn_Next' successfully

2019-07-18 15:00:03 - [MESSAGE][PASSED] - Scroll to object 'Object Repository/Tab_LifePlan/Page_Q08_IncomeOfTheSpouse/btn_Next' successfully

2019-07-18 15:00:03 - [TEST_STEP][PASSED] - click(findTestObject("Tab_LifePlan/Page_Q08_IncomeOfTheSpouse/chk_PartTimeIncome")): Object: 'Object Repository/Tab_LifePlan/Page_Q08_IncomeOfTheSpouse/chk_PartTimeIncome' is clicked on

2019-07-18 15:00:03 - [MESSAGE][PASSED] - Object: 'Object Repository/Tab_LifePlan/Page_Q08_IncomeOfTheSpouse/chk_PartTimeIncome' is clicked on

2019-07-18 15:00:03 - [TEST_STEP][PASSED] - click(findTestObject("Tab_LifePlan/Page_Q08_IncomeOfTheSpouse/chk_NoRetirementPay")): Object: 'Object Repository/Tab_LifePlan/Page_Q08_IncomeOfTheSpouse/chk_NoRetirementPay' is clicked on

2019-07-18 15:00:03 - [MESSAGE][PASSED] - Object: 'Object Repository/Tab_LifePlan/Page_Q08_IncomeOfTheSpouse/chk_NoRetirementPay' is clicked on

2019-07-18 15:00:03 - [TEST_STEP][PASSED] - click(findTestObject("Tab_LifePlan/Page_Q08_IncomeOfTheSpouse/btn_Next")): Object: 'Object Repository/Tab_LifePlan/Page_Q08_IncomeOfTheSpouse/btn_Next' is clicked on

2019-07-18 15:00:04 - [MESSAGE][PASSED] - Object: 'Object Repository/Tab_LifePlan/Page_Q08_IncomeOfTheSpouse/btn_Next' is clicked on

2019-07-18 15:00:04 - [TEST_STEP][PASSED] - scrollToElement(findTestObject("Tab_LifePlan/Page_Q09_RentHouse/OwnedHouse"), 10): Scroll to object 'Object Repository/Tab_LifePlan/Page_Q09_RentHouse/OwnedHouse' successfully

2019-07-18 15:00:04 - [MESSAGE][PASSED] - Scroll to object 'Object Repository/Tab_LifePlan/Page_Q09_RentHouse/OwnedHouse' successfully

2019-07-18 15:00:04 - [TEST_STEP][PASSED] - click(findTestObject("Tab_LifePlan/Page_Q09_RentHouse/OwnedHouse")): Object: 'Object Repository/Tab_LifePlan/Page_Q09_RentHouse/OwnedHouse' is clicked on

2019-07-18 15:00:04 - [MESSAGE][PASSED] - Object: 'Object Repository/Tab_LifePlan/Page_Q09_RentHouse/OwnedHouse' is clicked on

2019-07-18 15:00:04 - [TEST_STEP][PASSED] - click(findTestObject("Tab_LifePlan/Page_Q09_RentHouse/rent_1")): Object: 'Object Repository/Tab_LifePlan/Page_Q09_RentHouse/rent_1' is clicked on

2019-07-18 15:00:04 - [MESSAGE][PASSED] - Object: 'Object Repository/Tab_LifePlan/Page_Q09_RentHouse/rent_1' is clicked on

2019-07-18 15:00:04 - [TEST_STEP][PASSED] - scrollToElement(findTestObject("Tab_LifePlan/Page_Q09_RentHouse/btn_Next"), 0): Scroll to object 'Object Repository/Tab_LifePlan/Page_Q09_RentHouse/btn_Next' successfully

2019-07-18 15:00:04 - [MESSAGE][WARNING] - Timeout '0' is invalid. Using default page load timeout: '30'

2019-07-18 15:00:04 - [MESSAGE][PASSED] - Scroll to object 'Object Repository/Tab_LifePlan/Page_Q09_RentHouse/btn_Next' successfully

2019-07-18 15:00:04 - [TEST_STEP][PASSED] - click(findTestObject("Tab_LifePlan/Page_Q09_RentHouse/btn_Next")): Object: 'Object Repository/Tab_LifePlan/Page_Q09_RentHouse/btn_Next' is clicked on

2019-07-18 15:00:04 - [MESSAGE][PASSED] - Object: 'Object Repository/Tab_LifePlan/Page_Q09_RentHouse/btn_Next' is clicked on

2019-07-18 15:00:04 - [TEST_STEP][PASSED] - click(findTestObject("Tab_LifePlan/Page_Q10_CostOfLiving/cost_1")): Object: 'Object Repository/Tab_LifePlan/Page_Q10_CostOfLiving/cost_1' is clicked on

2019-07-18 15:00:04 - [MESSAGE][PASSED] - Object: 'Object Repository/Tab_LifePlan/Page_Q10_CostOfLiving/cost_1' is clicked on

2019-07-18 15:00:04 - [TEST_STEP][PASSED] - click(findTestObject("Tab_LifePlan/Page_Q11_CurrentSavingsAmount/amount_0")): Object: 'Object Repository/Tab_LifePlan/Page_Q11_CurrentSavingsAmount/amount_0' is clicked on

2019-07-18 15:00:05 - [MESSAGE][PASSED] - Object: 'Object Repository/Tab_LifePlan/Page_Q11_CurrentSavingsAmount/amount_0' is clicked on

2019-07-18 15:00:05 - [TEST_STEP][PASSED] - waitForElementPresent(findTestObject("Tab_LifePlan/Page_LifePlanResult/tv_AmountAt65"), 20): Object 'Object Repository/Tab_LifePlan/Page_LifePlanResult/tv_AmountAt65' is present

2019-07-18 15:00:06 - [MESSAGE][PASSED] - Object 'Object Repository/Tab_LifePlan/Page_LifePlanResult/tv_AmountAt65' is present

2019-07-18 15:00:06 - [TEST_STEP][PASSED] - amountAt65OnWebApp = getText(findTestObject("Tab_LifePlan/Page_LifePlanResult/tv_AmountAt65")): Text of object 'Object Repository/Tab_LifePlan/Page_LifePlanResult/tv_AmountAt65' is: '+1.16'

2019-07-18 15:00:06 - [MESSAGE][PASSED] - Text of object 'Object Repository/Tab_LifePlan/Page_LifePlanResult/tv_AmountAt65' is: '+1.16'

2019-07-18 15:00:06 - [TEST_STEP][PASSED] - log.logInfo(amountAt65OnWebApp): +1.16

2019-07-18 15:00:06 - [MESSAGE][INFO] - +1.16

2019-07-18 15:00:06 - [TEST_STEP][PASSED] - closeBrowser(): Browser is closed

2019-07-18 15:00:07 - [MESSAGE][PASSED] - Browser is closed

2019-07-18 15:00:07 - [TEST_STEP][PASSED] - return amountAt65OnWebApp: null

2019-07-18 15:00:07 - [MESSAGE][PASSED] - Call Test Case 'Test Cases/TC_LifePlanAnalytics/TC_Scr01-02' successfully

2019-07-18 15:00:07 - [TEST_STEP][PASSED] - log.logInfo("TC_Scr01-" + i + " = " + amountAt65OnWebApp): TC_Scr01-2 = +1.16

2019-07-18 15:00:07 - [MESSAGE][INFO] - TC_Scr01-2 = +1.16

2019-07-18 15:00:07 - [TEST_STEP][PASSED] - setValueToCellByIndex(sheet01, 11 + i, 24, amountAt65OnWebApp): null

2019-07-18 15:00:07 - [TEST_STEP][PASSED] - if (i < 10): Call Test Case 'Test Cases/TC_LifePlanAnalytics/TC_Scr01-03' successfully

2019-07-18 15:00:07 - [TEST_STEP][PASSED] - amountAt65OnWebApp = callTestCase(findTestCase("TC_LifePlanAnalytics/TC_Scr01-0" + i), [:], OPTIONAL): Call Test Case 'Test Cases/TC_LifePlanAnalytics/TC_Scr01-03' successfully

2019-07-18 15:00:07 - [TEST_CASE][PASSED] - Test Cases/TC_LifePlanAnalytics/TC_Scr01-03: Test Cases/TC_LifePlanAnalytics/TC_Scr01-03

2019-07-18 15:00:07 - [TEST_STEP][PASSED] - log = new com.kms.katalon.core.logging.KeywordLogger(): null

2019-07-18 15:00:07 - [TEST_STEP][PASSED] - callTestCase(findTestCase("TC_AddVTKT"), [:], STOP_ON_FAILURE): Call Test Case 'Test Cases/TC_AddVTKT' successfully

2019-07-18 15:00:07 - [TEST_CASE][PASSED] - Test Cases/TC_AddVTKT: Test Cases/TC_AddVTKT

2019-07-18 15:00:07 - [TEST_STEP][PASSED] - openBrowser(""): Browser is opened with url: ''

2019-07-18 15:00:07 - [MESSAGE][INFO] - Starting 'Chrome' driver

2019-07-18 15:00:07 - [MESSAGE][INFO] - User set preference: ['args', '[-user-agent=Mozilla/5.0 (Linux; Android 9; SOV37 Build/52.0.C.1.112; wv) AppleWebKit/537.36 (KHTML, like Gecko) Version/4.0 Chrome/68.0.3440.91 Mobile Safari/537.36 6.0.2-k1]']

2019-07-18 15:00:09 - [MESSAGE][PASSED] - Browser is opened with url: ''

2019-07-18 15:00:09 - [TEST_STEP][PASSED] - navigateToUrl("https://dev.pfm.wallet.auone.jp/life_plan/"): Navigate to 'https://dev.pfm.wallet.auone.jp/life_plan/' successfully

2019-07-18 15:00:12 - [MESSAGE][PASSED] - Navigate to 'https://dev.pfm.wallet.auone.jp/life_plan/' successfully

2019-07-18 15:00:12 - [TEST_STEP][PASSED] - maximizeWindow(): Current window maximized

2019-07-18 15:00:13 - [MESSAGE][PASSED] - Current window maximized

2019-07-18 15:00:13 - [TEST_STEP][PASSED] - ck = new org.openqa.selenium.Cookie(VTKT, rtm0wCOc6hTIFjf19P7KEEn-NB7Jp8k5QvzBE7r1OxqcIYMRdmnbLGJqQYL7Lnv_Z7-e796XbNYuZ-AS_eJwPNQgQ4Kz3YSmcqmHm1CSCJAtHREgQ8GKcl29Banngbs4XK1ZuH_eUsCeXHVH0I8mIQ): null

2019-07-18 15:00:13 - [TEST_STEP][PASSED] - driver = getWebDriver(): null

2019-07-18 15:00:13 - [TEST_STEP][PASSED] - manage().addCookie(ck): null

2019-07-18 15:00:13 - [TEST_STEP][PASSED] - waitForPageLoad(10): Wait for page load successfully

2019-07-18 15:00:13 - [MESSAGE][PASSED] - Wait for page load successfully

2019-07-18 15:00:13 - [TEST_STEP][PASSED] - refresh(): Refresh successfully

2019-07-18 15:00:14 - [MESSAGE][PASSED] - Refresh successfully

2019-07-18 15:00:14 - [MESSAGE][PASSED] - Call Test Case 'Test Cases/TC_AddVTKT' successfully

2019-07-18 15:00:14 - [TEST_STEP][PASSED] - click(findTestObject("Tab_LifePlan/Page_LifePlanResult/btn_LifePlan")): Object: 'Object Repository/Tab_LifePlan/Page_LifePlanResult/btn_LifePlan' is clicked on

2019-07-18 15:00:17 - [MESSAGE][PASSED] - Object: 'Object Repository/Tab_LifePlan/Page_LifePlanResult/btn_LifePlan' is clicked on

2019-07-18 15:00:17 - [TEST_STEP][PASSED] - click(findTestObject("Tab_LifePlan/Page_Q01_Age/Age_40")): Object: 'Object Repository/Tab_LifePlan/Page_Q01_Age/Age_40' is clicked on

2019-07-18 15:00:17 - [MESSAGE][PASSED] - Object: 'Object Repository/Tab_LifePlan/Page_Q01_Age/Age_40' is clicked on

2019-07-18 15:00:17 - [TEST_STEP][PASSED] - click(findTestObject("Tab_LifePlan/Page_Q02_CurrentSituation/Single")): Object: 'Object Repository/Tab_LifePlan/Page_Q02_CurrentSituation/Single' is clicked on

2019-07-18 15:00:17 - [MESSAGE][PASSED] - Object: 'Object Repository/Tab_LifePlan/Page_Q02_CurrentSituation/Single' is clicked on

2019-07-18 15:00:17 - [TEST_STEP][PASSED] - click(findTestObject("Tab_LifePlan/Page_Q03_Children/Children_0")): Object: 'Object Repository/Tab_LifePlan/Page_Q03_Children/Children_0' is clicked on

2019-07-18 15:00:18 - [MESSAGE][PASSED] - Object: 'Object Repository/Tab_LifePlan/Page_Q03_Children/Children_0' is clicked on

2019-07-18 15:00:18 - [TEST_STEP][PASSED] - click(findTestObject("Tab_LifePlan/Page_Q04_Future/WantToMarryAndWantToHaveAChild")): Object: 'Object Repository/Tab_LifePlan/Page_Q04_Future/WantToMarryAndWantToHaveAChild' is clicked on

2019-07-18 15:00:18 - [MESSAGE][PASSED] - Object: 'Object Repository/Tab_LifePlan/Page_Q04_Future/WantToMarryAndWantToHaveAChild' is clicked on

2019-07-18 15:00:18 - [TEST_STEP][PASSED] - click(findTestObject("Tab_LifePlan/Page_Q05_WhenGetMarry/Years_5")): Object: 'Object Repository/Tab_LifePlan/Page_Q05_WhenGetMarry/Years_5' is clicked on

2019-07-18 15:00:18 - [MESSAGE][PASSED] - Object: 'Object Repository/Tab_LifePlan/Page_Q05_WhenGetMarry/Years_5' is clicked on

2019-07-18 15:00:18 - [TEST_STEP][PASSED] - click(findTestObject("Tab_LifePlan/Page_Q06_NumberOfChildrenWanToGet/Children_2")): Object: 'Object Repository/Tab_LifePlan/Page_Q06_NumberOfChildrenWanToGet/Children_2' is clicked on

2019-07-18 15:00:18 - [MESSAGE][PASSED] - Object: 'Object Repository/Tab_LifePlan/Page_Q06_NumberOfChildrenWanToGet/Children_2' is clicked on

2019-07-18 15:00:18 - [TEST_STEP][PASSED] - click(findTestObject("Tab_LifePlan/Page_Q07_YourIncome/income_500")): Object: 'Object Repository/Tab_LifePlan/Page_Q07_YourIncome/income_500' is clicked on

2019-07-18 15:00:18 - [MESSAGE][PASSED] - Object: 'Object Repository/Tab_LifePlan/Page_Q07_YourIncome/income_500' is clicked on

2019-07-18 15:00:18 - [TEST_STEP][PASSED] - scrollToElement(findTestObject("Tab_LifePlan/Page_Q07_YourIncome/btn_Next"), 10): Scroll to object 'Object Repository/Tab_LifePlan/Page_Q07_YourIncome/btn_Next' successfully

2019-07-18 15:00:18 - [MESSAGE][PASSED] - Scroll to object 'Object Repository/Tab_LifePlan/Page_Q07_YourIncome/btn_Next' successfully

2019-07-18 15:00:18 - [TEST_STEP][PASSED] - click(findTestObject("Tab_LifePlan/Page_Q07_YourIncome/chk_PartTimeIncome")): Object: 'Object Repository/Tab_LifePlan/Page_Q07_YourIncome/chk_PartTimeIncome' is clicked on

2019-07-18 15:00:19 - [MESSAGE][PASSED] - Object: 'Object Repository/Tab_LifePlan/Page_Q07_YourIncome/chk_PartTimeIncome' is clicked on

2019-07-18 15:00:19 - [TEST_STEP][PASSED] - click(findTestObject("Tab_LifePlan/Page_Q07_YourIncome/chk_NoRetirementPay")): Object: 'Object Repository/Tab_LifePlan/Page_Q07_YourIncome/chk_NoRetirementPay' is clicked on

2019-07-18 15:00:19 - [MESSAGE][PASSED] - Object: 'Object Repository/Tab_LifePlan/Page_Q07_YourIncome/chk_NoRetirementPay' is clicked on

2019-07-18 15:00:19 - [TEST_STEP][PASSED] - click(findTestObject("Tab_LifePlan/Page_Q07_YourIncome/btn_Next")): Object: 'Object Repository/Tab_LifePlan/Page_Q07_YourIncome/btn_Next' is clicked on

2019-07-18 15:00:19 - [MESSAGE][PASSED] - Object: 'Object Repository/Tab_LifePlan/Page_Q07_YourIncome/btn_Next' is clicked on

2019-07-18 15:00:19 - [TEST_STEP][PASSED] - click(findTestObject("Tab_LifePlan/Page_Q08_IncomeOfTheSpouse/income_300")): Object: 'Object Repository/Tab_LifePlan/Page_Q08_IncomeOfTheSpouse/income_300' is clicked on

2019-07-18 15:00:19 - [MESSAGE][PASSED] - Object: 'Object Repository/Tab_LifePlan/Page_Q08_IncomeOfTheSpouse/income_300' is clicked on

2019-07-18 15:00:19 - [TEST_STEP][PASSED] - scrollToElement(findTestObject("Tab_LifePlan/Page_Q08_IncomeOfTheSpouse/btn_Next"), 10): Scroll to object 'Object Repository/Tab_LifePlan/Page_Q08_IncomeOfTheSpouse/btn_Next' successfully

2019-07-18 15:00:19 - [MESSAGE][PASSED] - Scroll to object 'Object Repository/Tab_LifePlan/Page_Q08_IncomeOfTheSpouse/btn_Next' successfully

2019-07-18 15:00:19 - [TEST_STEP][PASSED] - click(findTestObject("Tab_LifePlan/Page_Q08_IncomeOfTheSpouse/chk_PartTimeIncome")): Object: 'Object Repository/Tab_LifePlan/Page_Q08_IncomeOfTheSpouse/chk_PartTimeIncome' is clicked on

2019-07-18 15:00:19 - [MESSAGE][PASSED] - Object: 'Object Repository/Tab_LifePlan/Page_Q08_IncomeOfTheSpouse/chk_PartTimeIncome' is clicked on

2019-07-18 15:00:19 - [TEST_STEP][PASSED] - click(findTestObject("Tab_LifePlan/Page_Q08_IncomeOfTheSpouse/chk_NoRetirementPay")): Object: 'Object Repository/Tab_LifePlan/Page_Q08_IncomeOfTheSpouse/chk_NoRetirementPay' is clicked on

2019-07-18 15:00:19 - [MESSAGE][PASSED] - Object: 'Object Repository/Tab_LifePlan/Page_Q08_IncomeOfTheSpouse/chk_NoRetirementPay' is clicked on

2019-07-18 15:00:19 - [TEST_STEP][PASSED] - click(findTestObject("Tab_LifePlan/Page_Q08_IncomeOfTheSpouse/btn_Next")): Object: 'Object Repository/Tab_LifePlan/Page_Q08_IncomeOfTheSpouse/btn_Next' is clicked on

2019-07-18 15:00:20 - [MESSAGE][PASSED] - Object: 'Object Repository/Tab_LifePlan/Page_Q08_IncomeOfTheSpouse/btn_Next' is clicked on

2019-07-18 15:00:20 - [TEST_STEP][PASSED] - scrollToElement(findTestObject("Tab_LifePlan/Page_Q09_RentHouse/OwnedHouse"), 10): Scroll to object 'Object Repository/Tab_LifePlan/Page_Q09_RentHouse/OwnedHouse' successfully

2019-07-18 15:00:20 - [MESSAGE][PASSED] - Scroll to object 'Object Repository/Tab_LifePlan/Page_Q09_RentHouse/OwnedHouse' successfully

2019-07-18 15:00:20 - [TEST_STEP][PASSED] - click(findTestObject("Tab_LifePlan/Page_Q09_RentHouse/OwnedHouse")): Object: 'Object Repository/Tab_LifePlan/Page_Q09_RentHouse/OwnedHouse' is clicked on

2019-07-18 15:00:20 - [MESSAGE][PASSED] - Object: 'Object Repository/Tab_LifePlan/Page_Q09_RentHouse/OwnedHouse' is clicked on

2019-07-18 15:00:20 - [TEST_STEP][PASSED] - click(findTestObject("Tab_LifePlan/Page_Q09_RentHouse/rent_1")): Object: 'Object Repository/Tab_LifePlan/Page_Q09_RentHouse/rent_1' is clicked on

2019-07-18 15:00:20 - [MESSAGE][PASSED] - Object: 'Object Repository/Tab_LifePlan/Page_Q09_RentHouse/rent_1' is clicked on

2019-07-18 15:00:20 - [TEST_STEP][PASSED] - scrollToElement(findTestObject("Tab_LifePlan/Page_Q09_RentHouse/btn_Next"), 0): Scroll to object 'Object Repository/Tab_LifePlan/Page_Q09_RentHouse/btn_Next' successfully

2019-07-18 15:00:20 - [MESSAGE][WARNING] - Timeout '0' is invalid. Using default page load timeout: '30'

2019-07-18 15:00:20 - [MESSAGE][PASSED] - Scroll to object 'Object Repository/Tab_LifePlan/Page_Q09_RentHouse/btn_Next' successfully

2019-07-18 15:00:20 - [TEST_STEP][PASSED] - click(findTestObject("Tab_LifePlan/Page_Q09_RentHouse/btn_Next")): Object: 'Object Repository/Tab_LifePlan/Page_Q09_RentHouse/btn_Next' is clicked on

2019-07-18 15:00:20 - [MESSAGE][PASSED] - Object: 'Object Repository/Tab_LifePlan/Page_Q09_RentHouse/btn_Next' is clicked on

2019-07-18 15:00:20 - [TEST_STEP][PASSED] - click(findTestObject("Tab_LifePlan/Page_Q10_CostOfLiving/cost_10")): Object: 'Object Repository/Tab_LifePlan/Page_Q10_CostOfLiving/cost_10' is clicked on

2019-07-18 15:00:21 - [MESSAGE][PASSED] - Object: 'Object Repository/Tab_LifePlan/Page_Q10_CostOfLiving/cost_10' is clicked on

2019-07-18 15:00:21 - [TEST_STEP][PASSED] - click(findTestObject("Tab_LifePlan/Page_Q11_CurrentSavingsAmount/amount_0")): Object: 'Object Repository/Tab_LifePlan/Page_Q11_CurrentSavingsAmount/amount_0' is clicked on

2019-07-18 15:00:21 - [MESSAGE][PASSED] - Object: 'Object Repository/Tab_LifePlan/Page_Q11_CurrentSavingsAmount/amount_0' is clicked on

2019-07-18 15:00:21 - [TEST_STEP][PASSED] - waitForElementPresent(findTestObject("Tab_LifePlan/Page_LifePlanResult/tv_AmountAt65"), 20): Object 'Object Repository/Tab_LifePlan/Page_LifePlanResult/tv_AmountAt65' is present

2019-07-18 15:00:22 - [MESSAGE][PASSED] - Object 'Object Repository/Tab_LifePlan/Page_LifePlanResult/tv_AmountAt65' is present

2019-07-18 15:00:22 - [TEST_STEP][PASSED] - amountAt65OnWebApp = getText(findTestObject("Tab_LifePlan/Page_LifePlanResult/tv_AmountAt65")): Text of object 'Object Repository/Tab_LifePlan/Page_LifePlanResult/tv_AmountAt65' is: '+4,370.11'

2019-07-18 15:00:22 - [MESSAGE][PASSED] - Text of object 'Object Repository/Tab_LifePlan/Page_LifePlanResult/tv_AmountAt65' is: '+4,370.11'

2019-07-18 15:00:22 - [TEST_STEP][PASSED] - log.logInfo(amountAt65OnWebApp): +4,370.11

2019-07-18 15:00:22 - [MESSAGE][INFO] - +4,370.11

2019-07-18 15:00:22 - [TEST_STEP][PASSED] - closeBrowser(): Browser is closed

2019-07-18 15:00:23 - [MESSAGE][PASSED] - Browser is closed

2019-07-18 15:00:23 - [TEST_STEP][PASSED] - return amountAt65OnWebApp: null

2019-07-18 15:00:23 - [MESSAGE][PASSED] - Call Test Case 'Test Cases/TC_LifePlanAnalytics/TC_Scr01-03' successfully

2019-07-18 15:00:23 - [TEST_STEP][PASSED] - log.logInfo("TC_Scr01-" + i + " = " + amountAt65OnWebApp): TC_Scr01-3 = +4,370.11

2019-07-18 15:00:23 - [MESSAGE][INFO] - TC_Scr01-3 = +4,370.11

2019-07-18 15:00:23 - [TEST_STEP][PASSED] - setValueToCellByIndex(sheet01, 11 + i, 24, amountAt65OnWebApp): null

2019-07-18 15:00:23 - [TEST_STEP][PASSED] - if (i < 10): Call Test Case 'Test Cases/TC_LifePlanAnalytics/TC_Scr01-04' successfully

2019-07-18 15:00:23 - [TEST_STEP][PASSED] - amountAt65OnWebApp = callTestCase(findTestCase("TC_LifePlanAnalytics/TC_Scr01-0" + i), [:], OPTIONAL): Call Test Case 'Test Cases/TC_LifePlanAnalytics/TC_Scr01-04' successfully

2019-07-18 15:00:23 - [TEST_CASE][PASSED] - Test Cases/TC_LifePlanAnalytics/TC_Scr01-04: Test Cases/TC_LifePlanAnalytics/TC_Scr01-04

2019-07-18 15:00:23 - [TEST_STEP][PASSED] - log = new com.kms.katalon.core.logging.KeywordLogger(): null

2019-07-18 15:00:23 - [TEST_STEP][PASSED] - callTestCase(findTestCase("TC_AddVTKT"), [:], STOP_ON_FAILURE): Call Test Case 'Test Cases/TC_AddVTKT' successfully

2019-07-18 15:00:23 - [TEST_CASE][PASSED] - Test Cases/TC_AddVTKT: Test Cases/TC_AddVTKT

2019-07-18 15:00:23 - [TEST_STEP][PASSED] - openBrowser(""): Browser is opened with url: ''

2019-07-18 15:00:23 - [MESSAGE][INFO] - Starting 'Chrome' driver

2019-07-18 15:00:23 - [MESSAGE][INFO] - User set preference: ['args', '[-user-agent=Mozilla/5.0 (Linux; Android 9; SOV37 Build/52.0.C.1.112; wv) AppleWebKit/537.36 (KHTML, like Gecko) Version/4.0 Chrome/68.0.3440.91 Mobile Safari/537.36 6.0.2-k1]']

2019-07-18 15:00:25 - [MESSAGE][PASSED] - Browser is opened with url: ''

2019-07-18 15:00:25 - [TEST_STEP][PASSED] - navigateToUrl("https://dev.pfm.wallet.auone.jp/life_plan/"): Navigate to 'https://dev.pfm.wallet.auone.jp/life_plan/' successfully

2019-07-18 15:00:28 - [MESSAGE][PASSED] - Navigate to 'https://dev.pfm.wallet.auone.jp/life_plan/' successfully

2019-07-18 15:00:28 - [TEST_STEP][PASSED] - maximizeWindow(): Current window maximized

2019-07-18 15:00:29 - [MESSAGE][PASSED] - Current window maximized

2019-07-18 15:00:29 - [TEST_STEP][PASSED] - ck = new org.openqa.selenium.Cookie(VTKT, rtm0wCOc6hTIFjf19P7KEEn-NB7Jp8k5QvzBE7r1OxqcIYMRdmnbLGJqQYL7Lnv_Z7-e796XbNYuZ-AS_eJwPNQgQ4Kz3YSmcqmHm1CSCJAtHREgQ8GKcl29Banngbs4XK1ZuH_eUsCeXHVH0I8mIQ): null

2019-07-18 15:00:29 - [TEST_STEP][PASSED] - driver = getWebDriver(): null

2019-07-18 15:00:29 - [TEST_STEP][PASSED] - manage().addCookie(ck): null

2019-07-18 15:00:29 - [TEST_STEP][PASSED] - waitForPageLoad(10): Wait for page load successfully

2019-07-18 15:00:29 - [MESSAGE][PASSED] - Wait for page load successfully

2019-07-18 15:00:29 - [TEST_STEP][PASSED] - refresh(): Refresh successfully

2019-07-18 15:00:30 - [MESSAGE][PASSED] - Refresh successfully

2019-07-18 15:00:30 - [MESSAGE][PASSED] - Call Test Case 'Test Cases/TC_AddVTKT' successfully

2019-07-18 15:00:30 - [TEST_STEP][PASSED] - click(findTestObject("Tab_LifePlan/Page_LifePlanResult/btn_LifePlan")): Object: 'Object Repository/Tab_LifePlan/Page_LifePlanResult/btn_LifePlan' is clicked on

2019-07-18 15:00:32 - [MESSAGE][PASSED] - Object: 'Object Repository/Tab_LifePlan/Page_LifePlanResult/btn_LifePlan' is clicked on

2019-07-18 15:00:32 - [TEST_STEP][PASSED] - click(findTestObject("Tab_LifePlan/Page_Q01_Age/Age_50")): Object: 'Object Repository/Tab_LifePlan/Page_Q01_Age/Age_50' is clicked on

2019-07-18 15:00:32 - [MESSAGE][PASSED] - Object: 'Object Repository/Tab_LifePlan/Page_Q01_Age/Age_50' is clicked on

2019-07-18 15:00:32 - [TEST_STEP][PASSED] - click(findTestObject("Tab_LifePlan/Page_Q02_CurrentSituation/Married")): Object: 'Object Repository/Tab_LifePlan/Page_Q02_CurrentSituation/Married' is clicked on

2019-07-18 15:00:33 - [MESSAGE][PASSED] - Object: 'Object Repository/Tab_LifePlan/Page_Q02_CurrentSituation/Married' is clicked on

2019-07-18 15:00:33 - [TEST_STEP][PASSED] - click(findTestObject("Tab_LifePlan/Page_Q03_Children/Children_0")): Object: 'Object Repository/Tab_LifePlan/Page_Q03_Children/Children_0' is clicked on

2019-07-18 15:00:33 - [MESSAGE][PASSED] - Object: 'Object Repository/Tab_LifePlan/Page_Q03_Children/Children_0' is clicked on

2019-07-18 15:00:33 - [TEST_STEP][PASSED] - click(findTestObject("Tab_LifePlan/Page_Q4_FutureMarried/children_No")): Object: 'Object Repository/Tab_LifePlan/Page_Q4_FutureMarried/children_No' is clicked on

2019-07-18 15:00:33 - [MESSAGE][PASSED] - Object: 'Object Repository/Tab_LifePlan/Page_Q4_FutureMarried/children_No' is clicked on

2019-07-18 15:00:33 - [TEST_STEP][PASSED] - click(findTestObject("Tab_LifePlan/Page_Q07_YourIncome/income_600")): Object: 'Object Repository/Tab_LifePlan/Page_Q07_YourIncome/income_600' is clicked on

2019-07-18 15:00:33 - [MESSAGE][PASSED] - Object: 'Object Repository/Tab_LifePlan/Page_Q07_YourIncome/income_600' is clicked on

2019-07-18 15:00:33 - [TEST_STEP][PASSED] - scrollToElement(findTestObject("Tab_LifePlan/Page_Q07_YourIncome/btn_Next"), 10): Scroll to object 'Object Repository/Tab_LifePlan/Page_Q07_YourIncome/btn_Next' successfully

2019-07-18 15:00:33 - [MESSAGE][PASSED] - Scroll to object 'Object Repository/Tab_LifePlan/Page_Q07_YourIncome/btn_Next' successfully

2019-07-18 15:00:33 - [TEST_STEP][PASSED] - click(findTestObject("Tab_LifePlan/Page_Q07_YourIncome/chk_PartTimeIncome")): Object: 'Object Repository/Tab_LifePlan/Page_Q07_YourIncome/chk_PartTimeIncome' is clicked on

2019-07-18 15:00:33 - [MESSAGE][PASSED] - Object: 'Object Repository/Tab_LifePlan/Page_Q07_YourIncome/chk_PartTimeIncome' is clicked on

2019-07-18 15:00:33 - [TEST_STEP][PASSED] - click(findTestObject("Tab_LifePlan/Page_Q07_YourIncome/chk_NoRetirementPay")): Object: 'Object Repository/Tab_LifePlan/Page_Q07_YourIncome/chk_NoRetirementPay' is clicked on

2019-07-18 15:00:34 - [MESSAGE][PASSED] - Object: 'Object Repository/Tab_LifePlan/Page_Q07_YourIncome/chk_NoRetirementPay' is clicked on

2019-07-18 15:00:34 - [TEST_STEP][PASSED] - click(findTestObject("Tab_LifePlan/Page_Q07_YourIncome/btn_Next")): Object: 'Object Repository/Tab_LifePlan/Page_Q07_YourIncome/btn_Next' is clicked on

2019-07-18 15:00:34 - [MESSAGE][PASSED] - Object: 'Object Repository/Tab_LifePlan/Page_Q07_YourIncome/btn_Next' is clicked on

2019-07-18 15:00:34 - [TEST_STEP][PASSED] - click(findTestObject("Tab_LifePlan/Page_Q08_IncomeOfTheSpouse/income_400")): Object: 'Object Repository/Tab_LifePlan/Page_Q08_IncomeOfTheSpouse/income_400' is clicked on

2019-07-18 15:00:34 - [MESSAGE][PASSED] - Object: 'Object Repository/Tab_LifePlan/Page_Q08_IncomeOfTheSpouse/income_400' is clicked on

2019-07-18 15:00:34 - [TEST_STEP][NOT_RUN] - scrollToElement(findTestObject("Tab_LifePlan/Page_Q08_IncomeOfTheSpouse/btn_Next"), 10): NOT_RUN: scrollToElement(findTestObject("Tab_LifePlan/Page_Q08_IncomeOfTheSpouse/btn_Next"), 10)

2019-07-18 15:00:34 - [MESSAGE][NOT_RUN] - NOT_RUN: scrollToElement(findTestObject("Tab_LifePlan/Page_Q08_IncomeOfTheSpouse/btn_Next"), 10)

2019-07-18 15:00:34 - [TEST_STEP][PASSED] - click(findTestObject("Tab_LifePlan/Page_Q08_IncomeOfTheSpouse/chk_PartTimeIncome")): Object: 'Object Repository/Tab_LifePlan/Page_Q08_IncomeOfTheSpouse/chk_PartTimeIncome' is clicked on

2019-07-18 15:00:34 - [MESSAGE][PASSED] - Object: 'Object Repository/Tab_LifePlan/Page_Q08_IncomeOfTheSpouse/chk_PartTimeIncome' is clicked on

2019-07-18 15:00:34 - [TEST_STEP][PASSED] - click(findTestObject("Tab_LifePlan/Page_Q08_IncomeOfTheSpouse/chk_NoRetirementPay")): Object: 'Object Repository/Tab_LifePlan/Page_Q08_IncomeOfTheSpouse/chk_NoRetirementPay' is clicked on

2019-07-18 15:00:34 - [MESSAGE][PASSED] - Object: 'Object Repository/Tab_LifePlan/Page_Q08_IncomeOfTheSpouse/chk_NoRetirementPay' is clicked on

2019-07-18 15:00:34 - [TEST_STEP][PASSED] - click(findTestObject("Tab_LifePlan/Page_Q08_IncomeOfTheSpouse/btn_Next")): Object: 'Object Repository/Tab_LifePlan/Page_Q08_IncomeOfTheSpouse/btn_Next' is clicked on

2019-07-18 15:00:34 - [MESSAGE][PASSED] - Object: 'Object Repository/Tab_LifePlan/Page_Q08_IncomeOfTheSpouse/btn_Next' is clicked on

2019-07-18 15:00:34 - [TEST_STEP][PASSED] - scrollToElement(findTestObject("Tab_LifePlan/Page_Q09_RentHouse/OwnedHouse"), 10): Scroll to object 'Object Repository/Tab_LifePlan/Page_Q09_RentHouse/OwnedHouse' successfully

2019-07-18 15:00:34 - [MESSAGE][PASSED] - Scroll to object 'Object Repository/Tab_LifePlan/Page_Q09_RentHouse/OwnedHouse' successfully

2019-07-18 15:00:34 - [TEST_STEP][PASSED] - click(findTestObject("Tab_LifePlan/Page_Q09_RentHouse/OwnedHouse")): Object: 'Object Repository/Tab_LifePlan/Page_Q09_RentHouse/OwnedHouse' is clicked on

2019-07-18 15:00:35 - [MESSAGE][PASSED] - Object: 'Object Repository/Tab_LifePlan/Page_Q09_RentHouse/OwnedHouse' is clicked on

2019-07-18 15:00:35 - [TEST_STEP][PASSED] - click(findTestObject("Tab_LifePlan/Page_Q09_RentHouse/rent_1")): Object: 'Object Repository/Tab_LifePlan/Page_Q09_RentHouse/rent_1' is clicked on

2019-07-18 15:00:35 - [MESSAGE][PASSED] - Object: 'Object Repository/Tab_LifePlan/Page_Q09_RentHouse/rent_1' is clicked on

2019-07-18 15:00:35 - [TEST_STEP][PASSED] - scrollToElement(findTestObject("Tab_LifePlan/Page_Q09_RentHouse/btn_Next"), 0): Scroll to object 'Object Repository/Tab_LifePlan/Page_Q09_RentHouse/btn_Next' successfully

2019-07-18 15:00:35 - [MESSAGE][WARNING] - Timeout '0' is invalid. Using default page load timeout: '30'

2019-07-18 15:00:35 - [MESSAGE][PASSED] - Scroll to object 'Object Repository/Tab_LifePlan/Page_Q09_RentHouse/btn_Next' successfully

2019-07-18 15:00:35 - [TEST_STEP][PASSED] - click(findTestObject("Tab_LifePlan/Page_Q09_RentHouse/btn_Next")): Object: 'Object Repository/Tab_LifePlan/Page_Q09_RentHouse/btn_Next' is clicked on

2019-07-18 15:00:35 - [MESSAGE][PASSED] - Object: 'Object Repository/Tab_LifePlan/Page_Q09_RentHouse/btn_Next' is clicked on

2019-07-18 15:00:35 - [TEST_STEP][PASSED] - click(findTestObject("Tab_LifePlan/Page_Q10_CostOfLiving/cost_7")): Object: 'Object Repository/Tab_LifePlan/Page_Q10_CostOfLiving/cost_7' is clicked on

2019-07-18 15:00:35 - [MESSAGE][PASSED] - Object: 'Object Repository/Tab_LifePlan/Page_Q10_CostOfLiving/cost_7' is clicked on

2019-07-18 15:00:35 - [TEST_STEP][PASSED] - click(findTestObject("Tab_LifePlan/Page_Q11_CurrentSavingsAmount/amount_0")): Object: 'Object Repository/Tab_LifePlan/Page_Q11_CurrentSavingsAmount/amount_0' is clicked on

2019-07-18 15:00:35 - [MESSAGE][PASSED] - Object: 'Object Repository/Tab_LifePlan/Page_Q11_CurrentSavingsAmount/amount_0' is clicked on

2019-07-18 15:00:35 - [TEST_STEP][PASSED] - waitForElementPresent(findTestObject("Tab_LifePlan/Page_LifePlanResult/tv_AmountAt65"), 20): Object 'Object Repository/Tab_LifePlan/Page_LifePlanResult/tv_AmountAt65' is present

2019-07-18 15:00:36 - [MESSAGE][PASSED] - Object 'Object Repository/Tab_LifePlan/Page_LifePlanResult/tv_AmountAt65' is present

2019-07-18 15:00:36 - [TEST_STEP][PASSED] - amountAt65OnWebApp = getText(findTestObject("Tab_LifePlan/Page_LifePlanResult/tv_AmountAt65")): Text of object 'Object Repository/Tab_LifePlan/Page_LifePlanResult/tv_AmountAt65' is: '+6,372.76'

2019-07-18 15:00:36 - [MESSAGE][PASSED] - Text of object 'Object Repository/Tab_LifePlan/Page_LifePlanResult/tv_AmountAt65' is: '+6,372.76'

2019-07-18 15:00:36 - [TEST_STEP][PASSED] - log.logInfo(amountAt65OnWebApp): +6,372.76

2019-07-18 15:00:36 - [MESSAGE][INFO] - +6,372.76

2019-07-18 15:00:36 - [TEST_STEP][PASSED] - closeBrowser(): Browser is closed

2019-07-18 15:00:37 - [MESSAGE][PASSED] - Browser is closed

2019-07-18 15:00:37 - [TEST_STEP][PASSED] - return amountAt65OnWebApp: null

2019-07-18 15:00:37 - [MESSAGE][PASSED] - Call Test Case 'Test Cases/TC_LifePlanAnalytics/TC_Scr01-04' successfully

2019-07-18 15:00:37 - [TEST_STEP][PASSED] - log.logInfo("TC_Scr01-" + i + " = " + amountAt65OnWebApp): TC_Scr01-4 = +6,372.76

2019-07-18 15:00:37 - [MESSAGE][INFO] - TC_Scr01-4 = +6,372.76

2019-07-18 15:00:37 - [TEST_STEP][PASSED] - setValueToCellByIndex(sheet01, 11 + i, 24, amountAt65OnWebApp): null

2019-07-18 15:00:37 - [TEST_STEP][PASSED] - if (i < 10): Call Test Case 'Test Cases/TC_LifePlanAnalytics/TC_Scr01-05' successfully

2019-07-18 15:00:37 - [TEST_STEP][PASSED] - amountAt65OnWebApp = callTestCase(findTestCase("TC_LifePlanAnalytics/TC_Scr01-0" + i), [:], OPTIONAL): Call Test Case 'Test Cases/TC_LifePlanAnalytics/TC_Scr01-05' successfully

2019-07-18 15:00:37 - [TEST_CASE][PASSED] - Test Cases/TC_LifePlanAnalytics/TC_Scr01-05: Test Cases/TC_LifePlanAnalytics/TC_Scr01-05

2019-07-18 15:00:37 - [TEST_STEP][PASSED] - log = new com.kms.katalon.core.logging.KeywordLogger(): null

2019-07-18 15:00:37 - [TEST_STEP][PASSED] - callTestCase(findTestCase("TC_AddVTKT"), [:], STOP_ON_FAILURE): Call Test Case 'Test Cases/TC_AddVTKT' successfully

2019-07-18 15:00:37 - [TEST_CASE][PASSED] - Test Cases/TC_AddVTKT: Test Cases/TC_AddVTKT

2019-07-18 15:00:37 - [TEST_STEP][PASSED] - openBrowser(""): Browser is opened with url: ''

2019-07-18 15:00:37 - [MESSAGE][INFO] - Starting 'Chrome' driver

2019-07-18 15:00:37 - [MESSAGE][INFO] - User set preference: ['args', '[-user-agent=Mozilla/5.0 (Linux; Android 9; SOV37 Build/52.0.C.1.112; wv) AppleWebKit/537.36 (KHTML, like Gecko) Version/4.0 Chrome/68.0.3440.91 Mobile Safari/537.36 6.0.2-k1]']

2019-07-18 15:00:40 - [MESSAGE][PASSED] - Browser is opened with url: ''

2019-07-18 15:00:40 - [TEST_STEP][PASSED] - navigateToUrl("https://dev.pfm.wallet.auone.jp/life_plan/"): Navigate to 'https://dev.pfm.wallet.auone.jp/life_plan/' successfully

2019-07-18 15:00:42 - [MESSAGE][PASSED] - Navigate to 'https://dev.pfm.wallet.auone.jp/life_plan/' successfully

2019-07-18 15:00:42 - [TEST_STEP][PASSED] - maximizeWindow(): Current window maximized

2019-07-18 15:00:44 - [MESSAGE][PASSED] - Current window maximized

2019-07-18 15:00:44 - [TEST_STEP][PASSED] - ck = new org.openqa.selenium.Cookie(VTKT, rtm0wCOc6hTIFjf19P7KEEn-NB7Jp8k5QvzBE7r1OxqcIYMRdmnbLGJqQYL7Lnv_Z7-e796XbNYuZ-AS_eJwPNQgQ4Kz3YSmcqmHm1CSCJAtHREgQ8GKcl29Banngbs4XK1ZuH_eUsCeXHVH0I8mIQ): null

2019-07-18 15:00:44 - [TEST_STEP][PASSED] - driver = getWebDriver(): null

2019-07-18 15:00:44 - [TEST_STEP][PASSED] - manage().addCookie(ck): null

2019-07-18 15:00:44 - [TEST_STEP][PASSED] - waitForPageLoad(10): Wait for page load successfully

2019-07-18 15:00:44 - [MESSAGE][PASSED] - Wait for page load successfully

2019-07-18 15:00:44 - [TEST_STEP][PASSED] - refresh(): Refresh successfully

2019-07-18 15:00:44 - [MESSAGE][PASSED] - Refresh successfully

2019-07-18 15:00:44 - [MESSAGE][PASSED] - Call Test Case 'Test Cases/TC_AddVTKT' successfully

2019-07-18 15:00:44 - [TEST_STEP][PASSED] - click(findTestObject("Tab_LifePlan/Page_LifePlanResult/btn_LifePlan")): Object: 'Object Repository/Tab_LifePlan/Page_LifePlanResult/btn_LifePlan' is clicked on

2019-07-18 15:00:47 - [MESSAGE][PASSED] - Object: 'Object Repository/Tab_LifePlan/Page_LifePlanResult/btn_LifePlan' is clicked on

2019-07-18 15:00:47 - [TEST_STEP][PASSED] - click(findTestObject("Tab_LifePlan/Page_Q01_Age/Age_60")): Object: 'Object Repository/Tab_LifePlan/Page_Q01_Age/Age_60' is clicked on

2019-07-18 15:00:47 - [MESSAGE][PASSED] - Object: 'Object Repository/Tab_LifePlan/Page_Q01_Age/Age_60' is clicked on

2019-07-18 15:00:47 - [TEST_STEP][PASSED] - click(findTestObject("Tab_LifePlan/Page_Q02_CurrentSituation/Married")): Object: 'Object Repository/Tab_LifePlan/Page_Q02_CurrentSituation/Married' is clicked on

2019-07-18 15:00:48 - [MESSAGE][PASSED] - Object: 'Object Repository/Tab_LifePlan/Page_Q02_CurrentSituation/Married' is clicked on

2019-07-18 15:00:48 - [TEST_STEP][PASSED] - click(findTestObject("Tab_LifePlan/Page_Q03_Children/Children_0")): Object: 'Object Repository/Tab_LifePlan/Page_Q03_Children/Children_0' is clicked on

2019-07-18 15:00:48 - [MESSAGE][PASSED] - Object: 'Object Repository/Tab_LifePlan/Page_Q03_Children/Children_0' is clicked on

2019-07-18 15:00:48 - [TEST_STEP][PASSED] - click(findTestObject("Tab_LifePlan/Page_Q4_FutureMarried/children_Yes")): Object: 'Object Repository/Tab_LifePlan/Page_Q4_FutureMarried/children_Yes' is clicked on

2019-07-18 15:00:48 - [MESSAGE][PASSED] - Object: 'Object Repository/Tab_LifePlan/Page_Q4_FutureMarried/children_Yes' is clicked on

2019-07-18 15:00:48 - [TEST_STEP][PASSED] - click(findTestObject("Tab_LifePlan/Page_Q06_NumberOfChildrenWanToGet/Children_1")): Object: 'Object Repository/Tab_LifePlan/Page_Q06_NumberOfChildrenWanToGet/Children_1' is clicked on

2019-07-18 15:00:48 - [MESSAGE][PASSED] - Object: 'Object Repository/Tab_LifePlan/Page_Q06_NumberOfChildrenWanToGet/Children_1' is clicked on

2019-07-18 15:00:48 - [TEST_STEP][PASSED] - click(findTestObject("Tab_LifePlan/Page_Q07_YourIncome/income_UpTo300")): Object: 'Object Repository/Tab_LifePlan/Page_Q07_YourIncome/income_UpTo300' is clicked on

2019-07-18 15:00:48 - [MESSAGE][PASSED] - Object: 'Object Repository/Tab_LifePlan/Page_Q07_YourIncome/income_UpTo300' is clicked on

2019-07-18 15:00:48 - [TEST_STEP][PASSED] - scrollToElement(findTestObject("Tab_LifePlan/Page_Q07_YourIncome/btn_Next"), 10): Scroll to object 'Object Repository/Tab_LifePlan/Page_Q07_YourIncome/btn_Next' successfully

2019-07-18 15:00:48 - [MESSAGE][PASSED] - Scroll to object 'Object Repository/Tab_LifePlan/Page_Q07_YourIncome/btn_Next' successfully

2019-07-18 15:00:48 - [TEST_STEP][PASSED] - click(findTestObject("Tab_LifePlan/Page_Q07_YourIncome/chk_PartTimeIncome")): Object: 'Object Repository/Tab_LifePlan/Page_Q07_YourIncome/chk_PartTimeIncome' is clicked on

2019-07-18 15:00:48 - [MESSAGE][PASSED] - Object: 'Object Repository/Tab_LifePlan/Page_Q07_YourIncome/chk_PartTimeIncome' is clicked on

2019-07-18 15:00:48 - [TEST_STEP][PASSED] - click(findTestObject("Tab_LifePlan/Page_Q07_YourIncome/chk_NoRetirementPay")): Object: 'Object Repository/Tab_LifePlan/Page_Q07_YourIncome/chk_NoRetirementPay' is clicked on

2019-07-18 15:00:49 - [MESSAGE][PASSED] - Object: 'Object Repository/Tab_LifePlan/Page_Q07_YourIncome/chk_NoRetirementPay' is clicked on

2019-07-18 15:00:49 - [TEST_STEP][PASSED] - click(findTestObject("Tab_LifePlan/Page_Q07_YourIncome/btn_Next")): Object: 'Object Repository/Tab_LifePlan/Page_Q07_YourIncome/btn_Next' is clicked on

2019-07-18 15:00:49 - [MESSAGE][PASSED] - Object: 'Object Repository/Tab_LifePlan/Page_Q07_YourIncome/btn_Next' is clicked on

2019-07-18 15:00:49 - [TEST_STEP][PASSED] - click(findTestObject("Tab_LifePlan/Page_Q08_IncomeOfTheSpouse/income_500")): Object: 'Object Repository/Tab_LifePlan/Page_Q08_IncomeOfTheSpouse/income_500' is clicked on

2019-07-18 15:00:49 - [MESSAGE][PASSED] - Object: 'Object Repository/Tab_LifePlan/Page_Q08_IncomeOfTheSpouse/income_500' is clicked on

2019-07-18 15:00:49 - [TEST_STEP][NOT_RUN] - scrollToElement(findTestObject("Tab_LifePlan/Page_Q08_IncomeOfTheSpouse/btn_Next"), 10): NOT_RUN: scrollToElement(findTestObject("Tab_LifePlan/Page_Q08_IncomeOfTheSpouse/btn_Next"), 10)

2019-07-18 15:00:49 - [MESSAGE][NOT_RUN] - NOT_RUN: scrollToElement(findTestObject("Tab_LifePlan/Page_Q08_IncomeOfTheSpouse/btn_Next"), 10)

2019-07-18 15:00:49 - [TEST_STEP][PASSED] - click(findTestObject("Tab_LifePlan/Page_Q08_IncomeOfTheSpouse/chk_PartTimeIncome")): Object: 'Object Repository/Tab_LifePlan/Page_Q08_IncomeOfTheSpouse/chk_PartTimeIncome' is clicked on

2019-07-18 15:00:49 - [MESSAGE][PASSED] - Object: 'Object Repository/Tab_LifePlan/Page_Q08_IncomeOfTheSpouse/chk_PartTimeIncome' is clicked on

2019-07-18 15:00:49 - [TEST_STEP][PASSED] - click(findTestObject("Tab_LifePlan/Page_Q08_IncomeOfTheSpouse/chk_NoRetirementPay")): Object: 'Object Repository/Tab_LifePlan/Page_Q08_IncomeOfTheSpouse/chk_NoRetirementPay' is clicked on

2019-07-18 15:00:49 - [MESSAGE][PASSED] - Object: 'Object Repository/Tab_LifePlan/Page_Q08_IncomeOfTheSpouse/chk_NoRetirementPay' is clicked on

2019-07-18 15:00:49 - [TEST_STEP][PASSED] - click(findTestObject("Tab_LifePlan/Page_Q08_IncomeOfTheSpouse/btn_Next")): Object: 'Object Repository/Tab_LifePlan/Page_Q08_IncomeOfTheSpouse/btn_Next' is clicked on

2019-07-18 15:00:49 - [MESSAGE][PASSED] - Object: 'Object Repository/Tab_LifePlan/Page_Q08_IncomeOfTheSpouse/btn_Next' is clicked on

2019-07-18 15:00:49 - [TEST_STEP][PASSED] - scrollToElement(findTestObject("Tab_LifePlan/Page_Q09_RentHouse/OwnedHouse"), 10): Scroll to object 'Object Repository/Tab_LifePlan/Page_Q09_RentHouse/OwnedHouse' successfully

2019-07-18 15:00:49 - [MESSAGE][PASSED] - Scroll to object 'Object Repository/Tab_LifePlan/Page_Q09_RentHouse/OwnedHouse' successfully

2019-07-18 15:00:49 - [TEST_STEP][PASSED] - click(findTestObject("Tab_LifePlan/Page_Q09_RentHouse/OwnedHouse")): Object: 'Object Repository/Tab_LifePlan/Page_Q09_RentHouse/OwnedHouse' is clicked on

2019-07-18 15:00:49 - [MESSAGE][PASSED] - Object: 'Object Repository/Tab_LifePlan/Page_Q09_RentHouse/OwnedHouse' is clicked on

2019-07-18 15:00:49 - [TEST_STEP][PASSED] - click(findTestObject("Tab_LifePlan/Page_Q09_RentHouse/rent_1")): Object: 'Object Repository/Tab_LifePlan/Page_Q09_RentHouse/rent_1' is clicked on

2019-07-18 15:00:50 - [MESSAGE][PASSED] - Object: 'Object Repository/Tab_LifePlan/Page_Q09_RentHouse/rent_1' is clicked on

2019-07-18 15:00:50 - [TEST_STEP][PASSED] - scrollToElement(findTestObject("Tab_LifePlan/Page_Q09_RentHouse/btn_Next"), 0): Scroll to object 'Object Repository/Tab_LifePlan/Page_Q09_RentHouse/btn_Next' successfully

2019-07-18 15:00:50 - [MESSAGE][WARNING] - Timeout '0' is invalid. Using default page load timeout: '30'

2019-07-18 15:00:50 - [MESSAGE][PASSED] - Scroll to object 'Object Repository/Tab_LifePlan/Page_Q09_RentHouse/btn_Next' successfully

2019-07-18 15:00:50 - [TEST_STEP][PASSED] - click(findTestObject("Tab_LifePlan/Page_Q09_RentHouse/btn_Next")): Object: 'Object Repository/Tab_LifePlan/Page_Q09_RentHouse/btn_Next' is clicked on

2019-07-18 15:00:50 - [MESSAGE][PASSED] - Object: 'Object Repository/Tab_LifePlan/Page_Q09_RentHouse/btn_Next' is clicked on

2019-07-18 15:00:50 - [TEST_STEP][PASSED] - click(findTestObject("Tab_LifePlan/Page_Q10_CostOfLiving/cost_50")): Object: 'Object Repository/Tab_LifePlan/Page_Q10_CostOfLiving/cost_50' is clicked on

2019-07-18 15:00:50 - [MESSAGE][PASSED] - Object: 'Object Repository/Tab_LifePlan/Page_Q10_CostOfLiving/cost_50' is clicked on

2019-07-18 15:00:50 - [TEST_STEP][PASSED] - click(findTestObject("Tab_LifePlan/Page_Q11_CurrentSavingsAmount/amount_0")): Object: 'Object Repository/Tab_LifePlan/Page_Q11_CurrentSavingsAmount/amount_0' is clicked on

2019-07-18 15:00:50 - [MESSAGE][PASSED] - Object: 'Object Repository/Tab_LifePlan/Page_Q11_CurrentSavingsAmount/amount_0' is clicked on

2019-07-18 15:00:50 - [TEST_STEP][PASSED] - waitForElementPresent(findTestObject("Tab_LifePlan/Page_LifePlanResult/tv_AmountAt65"), 20): Object 'Object Repository/Tab_LifePlan/Page_LifePlanResult/tv_AmountAt65' is present

2019-07-18 15:00:51 - [MESSAGE][PASSED] - Object 'Object Repository/Tab_LifePlan/Page_LifePlanResult/tv_AmountAt65' is present

2019-07-18 15:00:51 - [TEST_STEP][PASSED] - amountAt65OnWebApp = getText(findTestObject("Tab_LifePlan/Page_LifePlanResult/tv_AmountAt65")): Text of object 'Object Repository/Tab_LifePlan/Page_LifePlanResult/tv_AmountAt65' is: '-2,180.02'

2019-07-18 15:00:51 - [MESSAGE][PASSED] - Text of object 'Object Repository/Tab_LifePlan/Page_LifePlanResult/tv_AmountAt65' is: '-2,180.02'

2019-07-18 15:00:51 - [TEST_STEP][PASSED] - log.logInfo(amountAt65OnWebApp): -2,180.02

2019-07-18 15:00:51 - [MESSAGE][INFO] - -2,180.02

2019-07-18 15:00:51 - [TEST_STEP][PASSED] - closeBrowser(): Browser is closed

2019-07-18 15:00:52 - [MESSAGE][PASSED] - Browser is closed

2019-07-18 15:00:52 - [TEST_STEP][PASSED] - return amountAt65OnWebApp: null

2019-07-18 15:00:52 - [MESSAGE][PASSED] - Call Test Case 'Test Cases/TC_LifePlanAnalytics/TC_Scr01-05' successfully

2019-07-18 15:00:52 - [TEST_STEP][PASSED] - log.logInfo("TC_Scr01-" + i + " = " + amountAt65OnWebApp): TC_Scr01-5 = -2,180.02

2019-07-18 15:00:52 - [MESSAGE][INFO] - TC_Scr01-5 = -2,180.02

2019-07-18 15:00:52 - [TEST_STEP][PASSED] - setValueToCellByIndex(sheet01, 11 + i, 24, amountAt65OnWebApp): null

2019-07-18 15:00:52 - [TEST_STEP][PASSED] - if (i < 10): Call Test Case 'Test Cases/TC_LifePlanAnalytics/TC_Scr01-06' successfully

2019-07-18 15:00:52 - [TEST_STEP][PASSED] - amountAt65OnWebApp = callTestCase(findTestCase("TC_LifePlanAnalytics/TC_Scr01-0" + i), [:], OPTIONAL): Call Test Case 'Test Cases/TC_LifePlanAnalytics/TC_Scr01-06' successfully

2019-07-18 15:00:52 - [TEST_CASE][PASSED] - Test Cases/TC_LifePlanAnalytics/TC_Scr01-06: Test Cases/TC_LifePlanAnalytics/TC_Scr01-06

2019-07-18 15:00:53 - [TEST_STEP][PASSED] - log = new com.kms.katalon.core.logging.KeywordLogger(): null

2019-07-18 15:00:53 - [TEST_STEP][PASSED] - callTestCase(findTestCase("TC_AddVTKT"), [:], STOP_ON_FAILURE): Call Test Case 'Test Cases/TC_AddVTKT' successfully

2019-07-18 15:00:53 - [TEST_CASE][PASSED] - Test Cases/TC_AddVTKT: Test Cases/TC_AddVTKT

2019-07-18 15:00:53 - [TEST_STEP][PASSED] - openBrowser(""): Browser is opened with url: ''

2019-07-18 15:00:53 - [MESSAGE][INFO] - Starting 'Chrome' driver

2019-07-18 15:00:53 - [MESSAGE][INFO] - User set preference: ['args', '[-user-agent=Mozilla/5.0 (Linux; Android 9; SOV37 Build/52.0.C.1.112; wv) AppleWebKit/537.36 (KHTML, like Gecko) Version/4.0 Chrome/68.0.3440.91 Mobile Safari/537.36 6.0.2-k1]']

2019-07-18 15:00:55 - [MESSAGE][PASSED] - Browser is opened with url: ''

2019-07-18 15:00:55 - [TEST_STEP][PASSED] - navigateToUrl("https://dev.pfm.wallet.auone.jp/life_plan/"): Navigate to 'https://dev.pfm.wallet.auone.jp/life_plan/' successfully

2019-07-18 15:00:58 - [MESSAGE][PASSED] - Navigate to 'https://dev.pfm.wallet.auone.jp/life_plan/' successfully

2019-07-18 15:00:58 - [TEST_STEP][PASSED] - maximizeWindow(): Current window maximized

2019-07-18 15:00:59 - [MESSAGE][PASSED] - Current window maximized

2019-07-18 15:00:59 - [TEST_STEP][PASSED] - ck = new org.openqa.selenium.Cookie(VTKT, rtm0wCOc6hTIFjf19P7KEEn-NB7Jp8k5QvzBE7r1OxqcIYMRdmnbLGJqQYL7Lnv_Z7-e796XbNYuZ-AS_eJwPNQgQ4Kz3YSmcqmHm1CSCJAtHREgQ8GKcl29Banngbs4XK1ZuH_eUsCeXHVH0I8mIQ): null

2019-07-18 15:00:59 - [TEST_STEP][PASSED] - driver = getWebDriver(): null

2019-07-18 15:00:59 - [TEST_STEP][PASSED] - manage().addCookie(ck): null

2019-07-18 15:00:59 - [TEST_STEP][PASSED] - waitForPageLoad(10): Wait for page load successfully

2019-07-18 15:00:59 - [MESSAGE][PASSED] - Wait for page load successfully

2019-07-18 15:00:59 - [TEST_STEP][PASSED] - refresh(): Refresh successfully

2019-07-18 15:00:59 - [MESSAGE][PASSED] - Refresh successfully

2019-07-18 15:00:59 - [MESSAGE][PASSED] - Call Test Case 'Test Cases/TC_AddVTKT' successfully

2019-07-18 15:00:59 - [TEST_STEP][PASSED] - click(findTestObject("Tab_LifePlan/Page_LifePlanResult/btn_LifePlan")): Object: 'Object Repository/Tab_LifePlan/Page_LifePlanResult/btn_LifePlan' is clicked on

2019-07-18 15:01:02 - [MESSAGE][PASSED] - Object: 'Object Repository/Tab_LifePlan/Page_LifePlanResult/btn_LifePlan' is clicked on

2019-07-18 15:01:02 - [TEST_STEP][PASSED] - click(findTestObject("Tab_LifePlan/Page_Q01_Age/Age_20")): Object: 'Object Repository/Tab_LifePlan/Page_Q01_Age/Age_20' is clicked on

2019-07-18 15:01:02 - [MESSAGE][PASSED] - Object: 'Object Repository/Tab_LifePlan/Page_Q01_Age/Age_20' is clicked on

2019-07-18 15:01:02 - [TEST_STEP][PASSED] - click(findTestObject("Tab_LifePlan/Page_Q02_CurrentSituation/Single")): Object: 'Object Repository/Tab_LifePlan/Page_Q02_CurrentSituation/Single' is clicked on

2019-07-18 15:01:02 - [MESSAGE][PASSED] - Object: 'Object Repository/Tab_LifePlan/Page_Q02_CurrentSituation/Single' is clicked on

2019-07-18 15:01:02 - [TEST_STEP][PASSED] - click(findTestObject("Tab_LifePlan/Page_Q03_Children/Children_1")): Object: 'Object Repository/Tab_LifePlan/Page_Q03_Children/Children_1' is clicked on

2019-07-18 15:01:03 - [MESSAGE][PASSED] - Object: 'Object Repository/Tab_LifePlan/Page_Q03_Children/Children_1' is clicked on

2019-07-18 15:01:03 - [TEST_STEP][PASSED] - click(findTestObject("Tab_LifePlan/Page_Q04_Future/WantToGetMarried")): Object: 'Object Repository/Tab_LifePlan/Page_Q04_Future/WantToGetMarried' is clicked on

2019-07-18 15:01:03 - [MESSAGE][PASSED] - Object: 'Object Repository/Tab_LifePlan/Page_Q04_Future/WantToGetMarried' is clicked on

2019-07-18 15:01:03 - [TEST_STEP][PASSED] - click(findTestObject("Tab_LifePlan/Page_Q05_WhenGetMarry/Years_1")): Object: 'Object Repository/Tab_LifePlan/Page_Q05_WhenGetMarry/Years_1' is clicked on

2019-07-18 15:01:03 - [MESSAGE][PASSED] - Object: 'Object Repository/Tab_LifePlan/Page_Q05_WhenGetMarry/Years_1' is clicked on

2019-07-18 15:01:03 - [TEST_STEP][PASSED] - click(findTestObject("Tab_LifePlan/Page_Q07_YourIncome/income_300")): Object: 'Object Repository/Tab_LifePlan/Page_Q07_YourIncome/income_300' is clicked on

2019-07-18 15:01:03 - [MESSAGE][PASSED] - Object: 'Object Repository/Tab_LifePlan/Page_Q07_YourIncome/income_300' is clicked on

2019-07-18 15:01:03 - [TEST_STEP][PASSED] - scrollToElement(findTestObject("Tab_LifePlan/Page_Q07_YourIncome/btn_Next"), 10): Scroll to object 'Object Repository/Tab_LifePlan/Page_Q07_YourIncome/btn_Next' successfully

2019-07-18 15:01:03 - [MESSAGE][PASSED] - Scroll to object 'Object Repository/Tab_LifePlan/Page_Q07_YourIncome/btn_Next' successfully

2019-07-18 15:01:03 - [TEST_STEP][PASSED] - click(findTestObject("Tab_LifePlan/Page_Q07_YourIncome/chk_PartTimeIncome")): Object: 'Object Repository/Tab_LifePlan/Page_Q07_YourIncome/chk_PartTimeIncome' is clicked on

2019-07-18 15:01:03 - [MESSAGE][PASSED] - Object: 'Object Repository/Tab_LifePlan/Page_Q07_YourIncome/chk_PartTimeIncome' is clicked on

2019-07-18 15:01:03 - [TEST_STEP][PASSED] - click(findTestObject("Tab_LifePlan/Page_Q07_YourIncome/chk_NoRetirementPay")): Object: 'Object Repository/Tab_LifePlan/Page_Q07_YourIncome/chk_NoRetirementPay' is clicked on

2019-07-18 15:01:04 - [MESSAGE][PASSED] - Object: 'Object Repository/Tab_LifePlan/Page_Q07_YourIncome/chk_NoRetirementPay' is clicked on

2019-07-18 15:01:04 - [TEST_STEP][PASSED] - click(findTestObject("Tab_LifePlan/Page_Q07_YourIncome/btn_Next")): Object: 'Object Repository/Tab_LifePlan/Page_Q07_YourIncome/btn_Next' is clicked on

2019-07-18 15:01:04 - [MESSAGE][PASSED] - Object: 'Object Repository/Tab_LifePlan/Page_Q07_YourIncome/btn_Next' is clicked on

2019-07-18 15:01:04 - [TEST_STEP][PASSED] - click(findTestObject("Tab_LifePlan/Page_Q08_IncomeOfTheSpouse/income_600")): Object: 'Object Repository/Tab_LifePlan/Page_Q08_IncomeOfTheSpouse/income_600' is clicked on

2019-07-18 15:01:04 - [MESSAGE][PASSED] - Object: 'Object Repository/Tab_LifePlan/Page_Q08_IncomeOfTheSpouse/income_600' is clicked on

2019-07-18 15:01:04 - [TEST_STEP][NOT_RUN] - scrollToElement(findTestObject("Tab_LifePlan/Page_Q08_IncomeOfTheSpouse/btn_Next"), 10): NOT_RUN: scrollToElement(findTestObject("Tab_LifePlan/Page_Q08_IncomeOfTheSpouse/btn_Next"), 10)

2019-07-18 15:01:04 - [MESSAGE][NOT_RUN] - NOT_RUN: scrollToElement(findTestObject("Tab_LifePlan/Page_Q08_IncomeOfTheSpouse/btn_Next"), 10)

2019-07-18 15:01:04 - [TEST_STEP][PASSED] - click(findTestObject("Tab_LifePlan/Page_Q08_IncomeOfTheSpouse/chk_PartTimeIncome")): Object: 'Object Repository/Tab_LifePlan/Page_Q08_IncomeOfTheSpouse/chk_PartTimeIncome' is clicked on

2019-07-18 15:01:04 - [MESSAGE][PASSED] - Object: 'Object Repository/Tab_LifePlan/Page_Q08_IncomeOfTheSpouse/chk_PartTimeIncome' is clicked on

2019-07-18 15:01:04 - [TEST_STEP][NOT_RUN] - click(findTestObject("Tab_LifePlan/Page_Q08_IncomeOfTheSpouse/chk_NoRetirementPay")): NOT_RUN: click(findTestObject("Tab_LifePlan/Page_Q08_IncomeOfTheSpouse/chk_NoRetirementPay"))

2019-07-18 15:01:04 - [MESSAGE][NOT_RUN] - NOT_RUN: click(findTestObject("Tab_LifePlan/Page_Q08_IncomeOfTheSpouse/chk_NoRetirementPay"))

2019-07-18 15:01:04 - [TEST_STEP][PASSED] - click(findTestObject("Tab_LifePlan/Page_Q08_IncomeOfTheSpouse/btn_Next")): Object: 'Object Repository/Tab_LifePlan/Page_Q08_IncomeOfTheSpouse/btn_Next' is clicked on

2019-07-18 15:01:04 - [MESSAGE][PASSED] - Object: 'Object Repository/Tab_LifePlan/Page_Q08_IncomeOfTheSpouse/btn_Next' is clicked on

2019-07-18 15:01:04 - [TEST_STEP][PASSED] - scrollToElement(findTestObject("Tab_LifePlan/Page_Q09_RentHouse/OwnedHouse"), 10): Scroll to object 'Object Repository/Tab_LifePlan/Page_Q09_RentHouse/OwnedHouse' successfully

2019-07-18 15:01:04 - [MESSAGE][PASSED] - Scroll to object 'Object Repository/Tab_LifePlan/Page_Q09_RentHouse/OwnedHouse' successfully

2019-07-18 15:01:04 - [TEST_STEP][PASSED] - click(findTestObject("Tab_LifePlan/Page_Q09_RentHouse/RentalHouse")): Object: 'Object Repository/Tab_LifePlan/Page_Q09_RentHouse/RentalHouse' is clicked on

2019-07-18 15:01:05 - [MESSAGE][PASSED] - Object: 'Object Repository/Tab_LifePlan/Page_Q09_RentHouse/RentalHouse' is clicked on

2019-07-18 15:01:05 - [TEST_STEP][PASSED] - click(findTestObject("Tab_LifePlan/Page_Q09_RentHouse/rent_3")): Object: 'Object Repository/Tab_LifePlan/Page_Q09_RentHouse/rent_3' is clicked on

2019-07-18 15:01:05 - [MESSAGE][PASSED] - Object: 'Object Repository/Tab_LifePlan/Page_Q09_RentHouse/rent_3' is clicked on

2019-07-18 15:01:05 - [TEST_STEP][PASSED] - scrollToElement(findTestObject("Tab_LifePlan/Page_Q09_RentHouse/btn_Next"), 0): Scroll to object 'Object Repository/Tab_LifePlan/Page_Q09_RentHouse/btn_Next' successfully

2019-07-18 15:01:05 - [MESSAGE][WARNING] - Timeout '0' is invalid. Using default page load timeout: '30'

2019-07-18 15:01:05 - [MESSAGE][PASSED] - Scroll to object 'Object Repository/Tab_LifePlan/Page_Q09_RentHouse/btn_Next' successfully

2019-07-18 15:01:05 - [TEST_STEP][PASSED] - click(findTestObject("Tab_LifePlan/Page_Q09_RentHouse/btn_Next")): Object: 'Object Repository/Tab_LifePlan/Page_Q09_RentHouse/btn_Next' is clicked on

2019-07-18 15:01:05 - [MESSAGE][PASSED] - Object: 'Object Repository/Tab_LifePlan/Page_Q09_RentHouse/btn_Next' is clicked on

2019-07-18 15:01:05 - [TEST_STEP][PASSED] - click(findTestObject("Tab_LifePlan/Page_Q10_CostOfLiving/cost_3")): Object: 'Object Repository/Tab_LifePlan/Page_Q10_CostOfLiving/cost_3' is clicked on

2019-07-18 15:01:05 - [MESSAGE][PASSED] - Object: 'Object Repository/Tab_LifePlan/Page_Q10_CostOfLiving/cost_3' is clicked on

2019-07-18 15:01:05 - [TEST_STEP][PASSED] - click(findTestObject("Tab_LifePlan/Page_Q11_CurrentSavingsAmount/amount_50")): Object: 'Object Repository/Tab_LifePlan/Page_Q11_CurrentSavingsAmount/amount_50' is clicked on

2019-07-18 15:01:05 - [MESSAGE][PASSED] - Object: 'Object Repository/Tab_LifePlan/Page_Q11_CurrentSavingsAmount/amount_50' is clicked on

2019-07-18 15:01:05 - [TEST_STEP][PASSED] - waitForElementPresent(findTestObject("Tab_LifePlan/Page_LifePlanResult/tv_AmountAt65"), 20): Object 'Object Repository/Tab_LifePlan/Page_LifePlanResult/tv_AmountAt65' is present

2019-07-18 15:01:06 - [MESSAGE][PASSED] - Object 'Object Repository/Tab_LifePlan/Page_LifePlanResult/tv_AmountAt65' is present

2019-07-18 15:01:06 - [TEST_STEP][PASSED] - amountAt65OnWebApp = getText(findTestObject("Tab_LifePlan/Page_LifePlanResult/tv_AmountAt65")): Text of object 'Object Repository/Tab_LifePlan/Page_LifePlanResult/tv_AmountAt65' is: '+2.25'

2019-07-18 15:01:06 - [MESSAGE][PASSED] - Text of object 'Object Repository/Tab_LifePlan/Page_LifePlanResult/tv_AmountAt65' is: '+2.25'

2019-07-18 15:01:06 - [TEST_STEP][PASSED] - log.logInfo(amountAt65OnWebApp): +2.25

2019-07-18 15:01:06 - [MESSAGE][INFO] - +2.25

2019-07-18 15:01:06 - [TEST_STEP][PASSED] - closeBrowser(): Browser is closed

2019-07-18 15:01:07 - [MESSAGE][PASSED] - Browser is closed

2019-07-18 15:01:07 - [TEST_STEP][PASSED] - return amountAt65OnWebApp: null

2019-07-18 15:01:07 - [MESSAGE][PASSED] - Call Test Case 'Test Cases/TC_LifePlanAnalytics/TC_Scr01-06' successfully

2019-07-18 15:01:07 - [TEST_STEP][PASSED] - log.logInfo("TC_Scr01-" + i + " = " + amountAt65OnWebApp): TC_Scr01-6 = +2.25

2019-07-18 15:01:07 - [MESSAGE][INFO] - TC_Scr01-6 = +2.25

2019-07-18 15:01:07 - [TEST_STEP][PASSED] - setValueToCellByIndex(sheet01, 11 + i, 24, amountAt65OnWebApp): null

2019-07-18 15:01:07 - [TEST_STEP][PASSED] - if (i < 10): Call Test Case 'Test Cases/TC_LifePlanAnalytics/TC_Scr01-07' successfully

2019-07-18 15:01:07 - [TEST_STEP][PASSED] - amountAt65OnWebApp = callTestCase(findTestCase("TC_LifePlanAnalytics/TC_Scr01-0" + i), [:], OPTIONAL): Call Test Case 'Test Cases/TC_LifePlanAnalytics/TC_Scr01-07' successfully

2019-07-18 15:01:07 - [TEST_CASE][PASSED] - Test Cases/TC_LifePlanAnalytics/TC_Scr01-07: Test Cases/TC_LifePlanAnalytics/TC_Scr01-07

2019-07-18 15:01:07 - [TEST_STEP][PASSED] - log = new com.kms.katalon.core.logging.KeywordLogger(): null

2019-07-18 15:01:07 - [TEST_STEP][PASSED] - callTestCase(findTestCase("TC_AddVTKT"), [:], STOP_ON_FAILURE): Call Test Case 'Test Cases/TC_AddVTKT' successfully

2019-07-18 15:01:08 - [TEST_CASE][PASSED] - Test Cases/TC_AddVTKT: Test Cases/TC_AddVTKT

2019-07-18 15:01:08 - [TEST_STEP][PASSED] - openBrowser(""): Browser is opened with url: ''

2019-07-18 15:01:08 - [MESSAGE][INFO] - Starting 'Chrome' driver

2019-07-18 15:01:08 - [MESSAGE][INFO] - User set preference: ['args', '[-user-agent=Mozilla/5.0 (Linux; Android 9; SOV37 Build/52.0.C.1.112; wv) AppleWebKit/537.36 (KHTML, like Gecko) Version/4.0 Chrome/68.0.3440.91 Mobile Safari/537.36 6.0.2-k1]']

2019-07-18 15:01:10 - [MESSAGE][PASSED] - Browser is opened with url: ''

2019-07-18 15:01:10 - [TEST_STEP][PASSED] - navigateToUrl("https://dev.pfm.wallet.auone.jp/life_plan/"): Navigate to 'https://dev.pfm.wallet.auone.jp/life_plan/' successfully

2019-07-18 15:01:13 - [MESSAGE][PASSED] - Navigate to 'https://dev.pfm.wallet.auone.jp/life_plan/' successfully

2019-07-18 15:01:13 - [TEST_STEP][PASSED] - maximizeWindow(): Current window maximized

2019-07-18 15:01:14 - [MESSAGE][PASSED] - Current window maximized

2019-07-18 15:01:14 - [TEST_STEP][PASSED] - ck = new org.openqa.selenium.Cookie(VTKT, rtm0wCOc6hTIFjf19P7KEEn-NB7Jp8k5QvzBE7r1OxqcIYMRdmnbLGJqQYL7Lnv_Z7-e796XbNYuZ-AS_eJwPNQgQ4Kz3YSmcqmHm1CSCJAtHREgQ8GKcl29Banngbs4XK1ZuH_eUsCeXHVH0I8mIQ): null

2019-07-18 15:01:14 - [TEST_STEP][PASSED] - driver = getWebDriver(): null

2019-07-18 15:01:14 - [TEST_STEP][PASSED] - manage().addCookie(ck): null

2019-07-18 15:01:14 - [TEST_STEP][PASSED] - waitForPageLoad(10): Wait for page load successfully

2019-07-18 15:01:14 - [MESSAGE][PASSED] - Wait for page load successfully

2019-07-18 15:01:14 - [TEST_STEP][PASSED] - refresh(): Refresh successfully

2019-07-18 15:01:15 - [MESSAGE][PASSED] - Refresh successfully

2019-07-18 15:01:15 - [MESSAGE][PASSED] - Call Test Case 'Test Cases/TC_AddVTKT' successfully

2019-07-18 15:01:15 - [TEST_STEP][PASSED] - click(findTestObject("Tab_LifePlan/Page_LifePlanResult/btn_LifePlan")): Object: 'Object Repository/Tab_LifePlan/Page_LifePlanResult/btn_LifePlan' is clicked on

2019-07-18 15:01:17 - [MESSAGE][PASSED] - Object: 'Object Repository/Tab_LifePlan/Page_LifePlanResult/btn_LifePlan' is clicked on

2019-07-18 15:01:17 - [TEST_STEP][PASSED] - click(findTestObject("Tab_LifePlan/Page_Q01_Age/Age_40")): Object: 'Object Repository/Tab_LifePlan/Page_Q01_Age/Age_40' is clicked on

2019-07-18 15:01:18 - [MESSAGE][PASSED] - Object: 'Object Repository/Tab_LifePlan/Page_Q01_Age/Age_40' is clicked on

2019-07-18 15:01:18 - [TEST_STEP][PASSED] - click(findTestObject("Tab_LifePlan/Page_Q02_CurrentSituation/Single")): Object: 'Object Repository/Tab_LifePlan/Page_Q02_CurrentSituation/Single' is clicked on

2019-07-18 15:01:18 - [MESSAGE][PASSED] - Object: 'Object Repository/Tab_LifePlan/Page_Q02_CurrentSituation/Single' is clicked on

2019-07-18 15:01:18 - [TEST_STEP][PASSED] - click(findTestObject("Tab_LifePlan/Page_Q03_Children/Children_2")): Object: 'Object Repository/Tab_LifePlan/Page_Q03_Children/Children_2' is clicked on

2019-07-18 15:01:18 - [MESSAGE][PASSED] - Object: 'Object Repository/Tab_LifePlan/Page_Q03_Children/Children_2' is clicked on

2019-07-18 15:01:18 - [TEST_STEP][PASSED] - click(findTestObject("Tab_LifePlan/Page_Q04_Future/WantToMarryAndWantToHaveAChild")): Object: 'Object Repository/Tab_LifePlan/Page_Q04_Future/WantToMarryAndWantToHaveAChild' is clicked on

2019-07-18 15:01:18 - [MESSAGE][PASSED] - Object: 'Object Repository/Tab_LifePlan/Page_Q04_Future/WantToMarryAndWantToHaveAChild' is clicked on

2019-07-18 15:01:18 - [TEST_STEP][PASSED] - click(findTestObject("Tab_LifePlan/Page_Q05_WhenGetMarry/Years_3")): Object: 'Object Repository/Tab_LifePlan/Page_Q05_WhenGetMarry/Years_3' is clicked on

2019-07-18 15:01:18 - [MESSAGE][PASSED] - Object: 'Object Repository/Tab_LifePlan/Page_Q05_WhenGetMarry/Years_3' is clicked on

2019-07-18 15:01:18 - [TEST_STEP][PASSED] - click(findTestObject("Tab_LifePlan/Page_Q06_NumberOfChildrenWanToGet/Children_2")): Object: 'Object Repository/Tab_LifePlan/Page_Q06_NumberOfChildrenWanToGet/Children_2' is clicked on

2019-07-18 15:01:18 - [MESSAGE][PASSED] - Object: 'Object Repository/Tab_LifePlan/Page_Q06_NumberOfChildrenWanToGet/Children_2' is clicked on

2019-07-18 15:01:18 - [TEST_STEP][PASSED] - click(findTestObject("Tab_LifePlan/Page_Q07_YourIncome/income_400")): Object: 'Object Repository/Tab_LifePlan/Page_Q07_YourIncome/income_400' is clicked on

2019-07-18 15:01:19 - [MESSAGE][PASSED] - Object: 'Object Repository/Tab_LifePlan/Page_Q07_YourIncome/income_400' is clicked on

2019-07-18 15:01:19 - [TEST_STEP][PASSED] - scrollToElement(findTestObject("Tab_LifePlan/Page_Q07_YourIncome/btn_Next"), 10): Scroll to object 'Object Repository/Tab_LifePlan/Page_Q07_YourIncome/btn_Next' successfully

2019-07-18 15:01:19 - [MESSAGE][PASSED] - Scroll to object 'Object Repository/Tab_LifePlan/Page_Q07_YourIncome/btn_Next' successfully

2019-07-18 15:01:19 - [TEST_STEP][PASSED] - click(findTestObject("Tab_LifePlan/Page_Q07_YourIncome/chk_PartTimeIncome")): Object: 'Object Repository/Tab_LifePlan/Page_Q07_YourIncome/chk_PartTimeIncome' is clicked on

2019-07-18 15:01:19 - [MESSAGE][PASSED] - Object: 'Object Repository/Tab_LifePlan/Page_Q07_YourIncome/chk_PartTimeIncome' is clicked on

2019-07-18 15:01:19 - [TEST_STEP][PASSED] - click(findTestObject("Tab_LifePlan/Page_Q07_YourIncome/chk_NoRetirementPay")): Object: 'Object Repository/Tab_LifePlan/Page_Q07_YourIncome/chk_NoRetirementPay' is clicked on

2019-07-18 15:01:19 - [MESSAGE][PASSED] - Object: 'Object Repository/Tab_LifePlan/Page_Q07_YourIncome/chk_NoRetirementPay' is clicked on

2019-07-18 15:01:19 - [TEST_STEP][PASSED] - click(findTestObject("Tab_LifePlan/Page_Q07_YourIncome/btn_Next")): Object: 'Object Repository/Tab_LifePlan/Page_Q07_YourIncome/btn_Next' is clicked on

2019-07-18 15:01:19 - [MESSAGE][PASSED] - Object: 'Object Repository/Tab_LifePlan/Page_Q07_YourIncome/btn_Next' is clicked on

[...]

2019-07-18 15:07:54 - [TEST_STEP][PASSED] - scrollToElement(findTestObject("Tab_LifePlan/Page_Q07_YourIncome/btn_Next"), 10): Scroll to object 'Object Repository/Tab_LifePlan/Page_Q07_YourIncome/btn_Next' successfully

2019-07-18 15:07:54 - [MESSAGE][PASSED] - Scroll to object 'Object Repository/Tab_LifePlan/Page_Q07_YourIncome/btn_Next' successfully

2019-07-18 15:07:54 - [TEST_STEP][NOT_RUN] - click(findTestObject("Tab_LifePlan/Page_Q07_YourIncome/chk_PartTimeIncome")): NOT_RUN: click(findTestObject("Tab_LifePlan/Page_Q07_YourIncome/chk_PartTimeIncome"))

2019-07-18 15:07:54 - [MESSAGE][NOT_RUN] - NOT_RUN: click(findTestObject("Tab_LifePlan/Page_Q07_YourIncome/chk_PartTimeIncome"))

2019-07-18 15:07:54 - [TEST_STEP][NOT_RUN] - click(findTestObject("Tab_LifePlan/Page_Q07_YourIncome/chk_NoRetirementPay")): NOT_RUN: click(findTestObject("Tab_LifePlan/Page_Q07_YourIncome/chk_NoRetirementPay"))

2019-07-18 15:07:54 - [MESSAGE][NOT_RUN] - NOT_RUN: click(findTestObject("Tab_LifePlan/Page_Q07_YourIncome/chk_NoRetirementPay"))

2019-07-18 15:07:54 - [TEST_STEP][PASSED] - click(findTestObject("Tab_LifePlan/Page_Q07_YourIncome/btn_Next")): Object: 'Object Repository/Tab_LifePlan/Page_Q07_YourIncome/btn_Next' is clicked on

2019-07-18 15:07:54 - [MESSAGE][PASSED] - Object: 'Object Repository/Tab_LifePlan/Page_Q07_YourIncome/btn_Next' is clicked on

2019-07-18 15:07:54 - [TEST_STEP][NOT_RUN] - click(findTestObject("Tab_LifePlan/Page_Q08_IncomeOfTheSpouse/income_UpTo300")): NOT_RUN: click(findTestObject("Tab_LifePlan/Page_Q08_IncomeOfTheSpouse/income_UpTo300"))

2019-07-18 15:07:54 - [MESSAGE][NOT_RUN] - NOT_RUN: click(findTestObject("Tab_LifePlan/Page_Q08_IncomeOfTheSpouse/income_UpTo300"))

2019-07-18 15:07:54 - [TEST_STEP][NOT_RUN] - scrollToElement(findTestObject("Tab_LifePlan/Page_Q08_IncomeOfTheSpouse/btn_Next"), 10): NOT_RUN: scrollToElement(findTestObject("Tab_LifePlan/Page_Q08_IncomeOfTheSpouse/btn_Next"), 10)

2019-07-18 15:07:54 - [MESSAGE][NOT_RUN] - NOT_RUN: scrollToElement(findTestObject("Tab_LifePlan/Page_Q08_IncomeOfTheSpouse/btn_Next"), 10)

2019-07-18 15:07:54 - [TEST_STEP][NOT_RUN] - click(findTestObject("Tab_LifePlan/Page_Q08_IncomeOfTheSpouse/chk_PartTimeIncome")): NOT_RUN: click(findTestObject("Tab_LifePlan/Page_Q08_IncomeOfTheSpouse/chk_PartTimeIncome"))

2019-07-18 15:07:54 - [MESSAGE][NOT_RUN] - NOT_RUN: click(findTestObject("Tab_LifePlan/Page_Q08_IncomeOfTheSpouse/chk_PartTimeIncome"))

2019-07-18 15:07:54 - [TEST_STEP][NOT_RUN] - click(findTestObject("Tab_LifePlan/Page_Q08_IncomeOfTheSpouse/chk_NoRetirementPay")): NOT_RUN: click(findTestObject("Tab_LifePlan/Page_Q08_IncomeOfTheSpouse/chk_NoRetirementPay"))

2019-07-18 15:07:54 - [MESSAGE][NOT_RUN] - NOT_RUN: click(findTestObject("Tab_LifePlan/Page_Q08_IncomeOfTheSpouse/chk_NoRetirementPay"))

2019-07-18 15:07:54 - [TEST_STEP][NOT_RUN] - click(findTestObject("Tab_LifePlan/Page_Q08_IncomeOfTheSpouse/btn_Next")): NOT_RUN: click(findTestObject("Tab_LifePlan/Page_Q08_IncomeOfTheSpouse/btn_Next"))

2019-07-18 15:07:54 - [MESSAGE][NOT_RUN] - NOT_RUN: click(findTestObject("Tab_LifePlan/Page_Q08_IncomeOfTheSpouse/btn_Next"))

2019-07-18 15:07:54 - [TEST_STEP][PASSED] - scrollToElement(findTestObject("Tab_LifePlan/Page_Q09_RentHouse/OwnedHouse"), 10): Scroll to object 'Object Repository/Tab_LifePlan/Page_Q09_RentHouse/OwnedHouse' successfully

2019-07-18 15:07:54 - [MESSAGE][PASSED] - Scroll to object 'Object Repository/Tab_LifePlan/Page_Q09_RentHouse/OwnedHouse' successfully

2019-07-18 15:07:54 - [TEST_STEP][PASSED] - click(findTestObject("Tab_LifePlan/Page_Q09_RentHouse/RentalHouse")): Object: 'Object Repository/Tab_LifePlan/Page_Q09_RentHouse/RentalHouse' is clicked on

2019-07-18 15:07:54 - [MESSAGE][PASSED] - Object: 'Object Repository/Tab_LifePlan/Page_Q09_RentHouse/RentalHouse' is clicked on

2019-07-18 15:07:54 - [TEST_STEP][PASSED] - click(findTestObject("Tab_LifePlan/Page_Q09_RentHouse/rent_7")): Object: 'Object Repository/Tab_LifePlan/Page_Q09_RentHouse/rent_7' is clicked on

2019-07-18 15:07:54 - [MESSAGE][PASSED] - Object: 'Object Repository/Tab_LifePlan/Page_Q09_RentHouse/rent_7' is clicked on

2019-07-18 15:07:54 - [TEST_STEP][PASSED] - scrollToElement(findTestObject("Tab_LifePlan/Page_Q09_RentHouse/btn_Next"), 0): Scroll to object 'Object Repository/Tab_LifePlan/Page_Q09_RentHouse/btn_Next' successfully

2019-07-18 15:07:54 - [MESSAGE][WARNING] - Timeout '0' is invalid. Using default page load timeout: '30'

2019-07-18 15:07:54 - [MESSAGE][PASSED] - Scroll to object 'Object Repository/Tab_LifePlan/Page_Q09_RentHouse/btn_Next' successfully

2019-07-18 15:07:54 - [TEST_STEP][PASSED] - click(findTestObject("Tab_LifePlan/Page_Q09_RentHouse/btn_Next")): Object: 'Object Repository/Tab_LifePlan/Page_Q09_RentHouse/btn_Next' is clicked on

2019-07-18 15:07:55 - [MESSAGE][PASSED] - Object: 'Object Repository/Tab_LifePlan/Page_Q09_RentHouse/btn_Next' is clicked on

2019-07-18 15:07:55 - [TEST_STEP][PASSED] - click(findTestObject("Tab_LifePlan/Page_Q10_CostOfLiving/cost_10")): Object: 'Object Repository/Tab_LifePlan/Page_Q10_CostOfLiving/cost_10' is clicked on

2019-07-18 15:07:55 - [MESSAGE][PASSED] - Object: 'Object Repository/Tab_LifePlan/Page_Q10_CostOfLiving/cost_10' is clicked on

2019-07-18 15:07:55 - [TEST_STEP][PASSED] - click(findTestObject("Tab_LifePlan/Page_Q11_CurrentSavingsAmount/amount_500")): Object: 'Object Repository/Tab_LifePlan/Page_Q11_CurrentSavingsAmount/amount_500' is clicked on

2019-07-18 15:07:55 - [MESSAGE][PASSED] - Object: 'Object Repository/Tab_LifePlan/Page_Q11_CurrentSavingsAmount/amount_500' is clicked on

2019-07-18 15:07:55 - [TEST_STEP][PASSED] - waitForElementPresent(findTestObject("Tab_LifePlan/Page_LifePlanResult/tv_AmountAt65"), 20): Object 'Object Repository/Tab_LifePlan/Page_LifePlanResult/tv_AmountAt65' is present

2019-07-18 15:07:56 - [MESSAGE][PASSED] - Object 'Object Repository/Tab_LifePlan/Page_LifePlanResult/tv_AmountAt65' is present

2019-07-18 15:07:56 - [TEST_STEP][PASSED] - amountAt65OnWebApp = getText(findTestObject("Tab_LifePlan/Page_LifePlanResult/tv_AmountAt65")): Text of object 'Object Repository/Tab_LifePlan/Page_LifePlanResult/tv_AmountAt65' is: '+3,256.00'

2019-07-18 15:07:56 - [MESSAGE][PASSED] - Text of object 'Object Repository/Tab_LifePlan/Page_LifePlanResult/tv_AmountAt65' is: '+3,256.00'

2019-07-18 15:07:56 - [TEST_STEP][PASSED] - log.logInfo(amountAt65OnWebApp): +3,256.00

2019-07-18 15:07:56 - [MESSAGE][INFO] - +3,256.00

2019-07-18 15:07:56 - [TEST_STEP][PASSED] - closeBrowser(): Browser is closed

2019-07-18 15:07:57 - [MESSAGE][PASSED] - Browser is closed

2019-07-18 15:07:57 - [TEST_STEP][PASSED] - return amountAt65OnWebApp: null

2019-07-18 15:07:57 - [MESSAGE][PASSED] - Call Test Case 'Test Cases/TC_LifePlanAnalytics/TC_Scr01-31' successfully

2019-07-18 15:07:57 - [TEST_STEP][PASSED] - log.logInfo("TC_Scr01-" + i + " = " + amountAt65OnWebApp): TC_Scr01-31 = +3,256.00

2019-07-18 15:07:57 - [MESSAGE][INFO] - TC_Scr01-31 = +3,256.00

2019-07-18 15:07:57 - [TEST_STEP][PASSED] - setValueToCellByIndex(sheet01, 11 + i, 24, amountAt65OnWebApp): null

2019-07-18 15:07:57 - [TEST_STEP][PASSED] - if (i < 10): null

2019-07-18 15:07:57 - [TEST_STEP][PASSED] - else: Call Test Case 'Test Cases/TC_LifePlanAnalytics/TC_Scr01-32' successfully

2019-07-18 15:07:57 - [TEST_STEP][PASSED] - amountAt65OnWebApp = callTestCase(findTestCase("TC_LifePlanAnalytics/TC_Scr01-" + i), [:], OPTIONAL): Call Test Case 'Test Cases/TC_LifePlanAnalytics/TC_Scr01-32' successfully

2019-07-18 15:07:57 - [TEST_CASE][PASSED] - Test Cases/TC_LifePlanAnalytics/TC_Scr01-32: Test Cases/TC_LifePlanAnalytics/TC_Scr01-32

2019-07-18 15:07:58 - [TEST_STEP][PASSED] - log = new com.kms.katalon.core.logging.KeywordLogger(): null

2019-07-18 15:07:58 - [TEST_STEP][PASSED] - callTestCase(findTestCase("TC_AddVTKT"), [:], STOP_ON_FAILURE): Call Test Case 'Test Cases/TC_AddVTKT' successfully

2019-07-18 15:07:58 - [TEST_CASE][PASSED] - Test Cases/TC_AddVTKT: Test Cases/TC_AddVTKT

2019-07-18 15:07:58 - [TEST_STEP][PASSED] - openBrowser(""): Browser is opened with url: ''

2019-07-18 15:07:58 - [MESSAGE][INFO] - Starting 'Chrome' driver

2019-07-18 15:07:58 - [MESSAGE][INFO] - User set preference: ['args', '[-user-agent=Mozilla/5.0 (Linux; Android 9; SOV37 Build/52.0.C.1.112; wv) AppleWebKit/537.36 (KHTML, like Gecko) Version/4.0 Chrome/68.0.3440.91 Mobile Safari/537.36 6.0.2-k1]']

2019-07-18 15:08:01 - [MESSAGE][PASSED] - Browser is opened with url: ''

2019-07-18 15:08:01 - [TEST_STEP][PASSED] - navigateToUrl("https://dev.pfm.wallet.auone.jp/life_plan/"): Navigate to 'https://dev.pfm.wallet.auone.jp/life_plan/' successfully

2019-07-18 15:08:04 - [MESSAGE][PASSED] - Navigate to 'https://dev.pfm.wallet.auone.jp/life_plan/' successfully

2019-07-18 15:08:04 - [TEST_STEP][PASSED] - maximizeWindow(): Current window maximized

2019-07-18 15:08:05 - [MESSAGE][PASSED] - Current window maximized

2019-07-18 15:08:05 - [TEST_STEP][PASSED] - ck = new org.openqa.selenium.Cookie(VTKT, rtm0wCOc6hTIFjf19P7KEEn-NB7Jp8k5QvzBE7r1OxqcIYMRdmnbLGJqQYL7Lnv_Z7-e796XbNYuZ-AS_eJwPNQgQ4Kz3YSmcqmHm1CSCJAtHREgQ8GKcl29Banngbs4XK1ZuH_eUsCeXHVH0I8mIQ): null

2019-07-18 15:08:05 - [TEST_STEP][PASSED] - driver = getWebDriver(): null

2019-07-18 15:08:05 - [TEST_STEP][PASSED] - manage().addCookie(ck): null

2019-07-18 15:08:05 - [TEST_STEP][PASSED] - waitForPageLoad(10): Wait for page load successfully

2019-07-18 15:08:05 - [MESSAGE][PASSED] - Wait for page load successfully

2019-07-18 15:08:05 - [TEST_STEP][PASSED] - refresh(): Refresh successfully

2019-07-18 15:08:06 - [MESSAGE][PASSED] - Refresh successfully

2019-07-18 15:08:06 - [MESSAGE][PASSED] - Call Test Case 'Test Cases/TC_AddVTKT' successfully

2019-07-18 15:08:06 - [TEST_STEP][PASSED] - click(findTestObject("Tab_LifePlan/Page_LifePlanResult/btn_LifePlan")): Object: 'Object Repository/Tab_LifePlan/Page_LifePlanResult/btn_LifePlan' is clicked on

2019-07-18 15:08:08 - [MESSAGE][PASSED] - Object: 'Object Repository/Tab_LifePlan/Page_LifePlanResult/btn_LifePlan' is clicked on

2019-07-18 15:08:09 - [TEST_STEP][PASSED] - click(findTestObject("Tab_LifePlan/Page_Q01_Age/Age_50")): Object: 'Object Repository/Tab_LifePlan/Page_Q01_Age/Age_50' is clicked on

2019-07-18 15:08:09 - [MESSAGE][PASSED] - Object: 'Object Repository/Tab_LifePlan/Page_Q01_Age/Age_50' is clicked on

2019-07-18 15:08:09 - [TEST_STEP][PASSED] - click(findTestObject("Tab_LifePlan/Page_Q02_CurrentSituation/Single")): Object: 'Object Repository/Tab_LifePlan/Page_Q02_CurrentSituation/Single' is clicked on

2019-07-18 15:08:10 - [MESSAGE][PASSED] - Object: 'Object Repository/Tab_LifePlan/Page_Q02_CurrentSituation/Single' is clicked on

2019-07-18 15:08:10 - [TEST_STEP][PASSED] - click(findTestObject("Tab_LifePlan/Page_Q03_Children/Children_0")): Object: 'Object Repository/Tab_LifePlan/Page_Q03_Children/Children_0' is clicked on

2019-07-18 15:08:10 - [MESSAGE][PASSED] - Object: 'Object Repository/Tab_LifePlan/Page_Q03_Children/Children_0' is clicked on

2019-07-18 15:08:10 - [TEST_STEP][PASSED] - click(findTestObject("Tab_LifePlan/Page_Q04_Future/WantToGetMarried")): Object: 'Object Repository/Tab_LifePlan/Page_Q04_Future/WantToGetMarried' is clicked on

2019-07-18 15:08:10 - [MESSAGE][PASSED] - Object: 'Object Repository/Tab_LifePlan/Page_Q04_Future/WantToGetMarried' is clicked on

2019-07-18 15:08:10 - [TEST_STEP][PASSED] - click(findTestObject("Tab_LifePlan/Page_Q05_WhenGetMarry/Years_3")): Object: 'Object Repository/Tab_LifePlan/Page_Q05_WhenGetMarry/Years_3' is clicked on

2019-07-18 15:08:10 - [MESSAGE][PASSED] - Object: 'Object Repository/Tab_LifePlan/Page_Q05_WhenGetMarry/Years_3' is clicked on

2019-07-18 15:08:10 - [TEST_STEP][NOT_RUN] - click(findTestObject("Tab_LifePlan/Page_Q06_NumberOfChildrenWanToGet/Children_3")): NOT_RUN: click(findTestObject("Tab_LifePlan/Page_Q06_NumberOfChildrenWanToGet/Children_3"))

2019-07-18 15:08:10 - [MESSAGE][NOT_RUN] - NOT_RUN: click(findTestObject("Tab_LifePlan/Page_Q06_NumberOfChildrenWanToGet/Children_3"))

2019-07-18 15:08:10 - [TEST_STEP][PASSED] - click(findTestObject("Tab_LifePlan/Page_Q07_YourIncome/income_UpTo300")): Object: 'Object Repository/Tab_LifePlan/Page_Q07_YourIncome/income_UpTo300' is clicked on

2019-07-18 15:08:11 - [MESSAGE][PASSED] - Object: 'Object Repository/Tab_LifePlan/Page_Q07_YourIncome/income_UpTo300' is clicked on

2019-07-18 15:08:11 - [TEST_STEP][PASSED] - scrollToElement(findTestObject("Tab_LifePlan/Page_Q07_YourIncome/btn_Next"), 10): Scroll to object 'Object Repository/Tab_LifePlan/Page_Q07_YourIncome/btn_Next' successfully

2019-07-18 15:08:11 - [MESSAGE][PASSED] - Scroll to object 'Object Repository/Tab_LifePlan/Page_Q07_YourIncome/btn_Next' successfully

2019-07-18 15:08:11 - [TEST_STEP][NOT_RUN] - click(findTestObject("Tab_LifePlan/Page_Q07_YourIncome/chk_PartTimeIncome")): NOT_RUN: click(findTestObject("Tab_LifePlan/Page_Q07_YourIncome/chk_PartTimeIncome"))

2019-07-18 15:08:11 - [MESSAGE][NOT_RUN] - NOT_RUN: click(findTestObject("Tab_LifePlan/Page_Q07_YourIncome/chk_PartTimeIncome"))

2019-07-18 15:08:11 - [TEST_STEP][NOT_RUN] - click(findTestObject("Tab_LifePlan/Page_Q07_YourIncome/chk_NoRetirementPay")): NOT_RUN: click(findTestObject("Tab_LifePlan/Page_Q07_YourIncome/chk_NoRetirementPay"))

2019-07-18 15:08:11 - [MESSAGE][NOT_RUN] - NOT_RUN: click(findTestObject("Tab_LifePlan/Page_Q07_YourIncome/chk_NoRetirementPay"))

2019-07-18 15:08:11 - [TEST_STEP][PASSED] - click(findTestObject("Tab_LifePlan/Page_Q07_YourIncome/btn_Next")): Object: 'Object Repository/Tab_LifePlan/Page_Q07_YourIncome/btn_Next' is clicked on

2019-07-18 15:08:11 - [MESSAGE][PASSED] - Object: 'Object Repository/Tab_LifePlan/Page_Q07_YourIncome/btn_Next' is clicked on

2019-07-18 15:08:11 - [TEST_STEP][PASSED] - click(findTestObject("Tab_LifePlan/Page_Q08_IncomeOfTheSpouse/income_UpTo300")): Object: 'Object Repository/Tab_LifePlan/Page_Q08_IncomeOfTheSpouse/income_UpTo300' is clicked on

2019-07-18 15:08:11 - [MESSAGE][PASSED] - Object: 'Object Repository/Tab_LifePlan/Page_Q08_IncomeOfTheSpouse/income_UpTo300' is clicked on

2019-07-18 15:08:11 - [TEST_STEP][PASSED] - scrollToElement(findTestObject("Tab_LifePlan/Page_Q08_IncomeOfTheSpouse/btn_Next"), 10): Scroll to object 'Object Repository/Tab_LifePlan/Page_Q08_IncomeOfTheSpouse/btn_Next' successfully

2019-07-18 15:08:11 - [MESSAGE][PASSED] - Scroll to object 'Object Repository/Tab_LifePlan/Page_Q08_IncomeOfTheSpouse/btn_Next' successfully

2019-07-18 15:08:11 - [TEST_STEP][NOT_RUN] - click(findTestObject("Tab_LifePlan/Page_Q08_IncomeOfTheSpouse/chk_PartTimeIncome")): NOT_RUN: click(findTestObject("Tab_LifePlan/Page_Q08_IncomeOfTheSpouse/chk_PartTimeIncome"))

2019-07-18 15:08:11 - [MESSAGE][NOT_RUN] - NOT_RUN: click(findTestObject("Tab_LifePlan/Page_Q08_IncomeOfTheSpouse/chk_PartTimeIncome"))

2019-07-18 15:08:11 - [TEST_STEP][NOT_RUN] - click(findTestObject("Tab_LifePlan/Page_Q08_IncomeOfTheSpouse/chk_NoRetirementPay")): NOT_RUN: click(findTestObject("Tab_LifePlan/Page_Q08_IncomeOfTheSpouse/chk_NoRetirementPay"))

2019-07-18 15:08:11 - [MESSAGE][NOT_RUN] - NOT_RUN: click(findTestObject("Tab_LifePlan/Page_Q08_IncomeOfTheSpouse/chk_NoRetirementPay"))

2019-07-18 15:08:11 - [TEST_STEP][PASSED] - click(findTestObject("Tab_LifePlan/Page_Q08_IncomeOfTheSpouse/btn_Next")): Object: 'Object Repository/Tab_LifePlan/Page_Q08_IncomeOfTheSpouse/btn_Next' is clicked on

2019-07-18 15:08:12 - [MESSAGE][PASSED] - Object: 'Object Repository/Tab_LifePlan/Page_Q08_IncomeOfTheSpouse/btn_Next' is clicked on

2019-07-18 15:08:12 - [TEST_STEP][PASSED] - scrollToElement(findTestObject("Tab_LifePlan/Page_Q09_RentHouse/OwnedHouse"), 10): Scroll to object 'Object Repository/Tab_LifePlan/Page_Q09_RentHouse/OwnedHouse' successfully

2019-07-18 15:08:12 - [MESSAGE][PASSED] - Scroll to object 'Object Repository/Tab_LifePlan/Page_Q09_RentHouse/OwnedHouse' successfully

2019-07-18 15:08:12 - [TEST_STEP][PASSED] - click(findTestObject("Tab_LifePlan/Page_Q09_RentHouse/RentalHouse")): Object: 'Object Repository/Tab_LifePlan/Page_Q09_RentHouse/RentalHouse' is clicked on

2019-07-18 15:08:12 - [MESSAGE][PASSED] - Object: 'Object Repository/Tab_LifePlan/Page_Q09_RentHouse/RentalHouse' is clicked on

2019-07-18 15:08:12 - [TEST_STEP][PASSED] - click(findTestObject("Tab_LifePlan/Page_Q09_RentHouse/rent_7")): Object: 'Object Repository/Tab_LifePlan/Page_Q09_RentHouse/rent_7' is clicked on

2019-07-18 15:08:12 - [MESSAGE][PASSED] - Object: 'Object Repository/Tab_LifePlan/Page_Q09_RentHouse/rent_7' is clicked on

2019-07-18 15:08:12 - [TEST_STEP][PASSED] - scrollToElement(findTestObject("Tab_LifePlan/Page_Q09_RentHouse/btn_Next"), 0): Scroll to object 'Object Repository/Tab_LifePlan/Page_Q09_RentHouse/btn_Next' successfully

2019-07-18 15:08:12 - [MESSAGE][WARNING] - Timeout '0' is invalid. Using default page load timeout: '30'

2019-07-18 15:08:12 - [MESSAGE][PASSED] - Scroll to object 'Object Repository/Tab_LifePlan/Page_Q09_RentHouse/btn_Next' successfully

2019-07-18 15:08:12 - [TEST_STEP][PASSED] - click(findTestObject("Tab_LifePlan/Page_Q09_RentHouse/btn_Next")): Object: 'Object Repository/Tab_LifePlan/Page_Q09_RentHouse/btn_Next' is clicked on

2019-07-18 15:08:12 - [MESSAGE][PASSED] - Object: 'Object Repository/Tab_LifePlan/Page_Q09_RentHouse/btn_Next' is clicked on

2019-07-18 15:08:12 - [TEST_STEP][PASSED] - click(findTestObject("Tab_LifePlan/Page_Q10_CostOfLiving/cost_10")): Object: 'Object Repository/Tab_LifePlan/Page_Q10_CostOfLiving/cost_10' is clicked on

2019-07-18 15:08:12 - [MESSAGE][PASSED] - Object: 'Object Repository/Tab_LifePlan/Page_Q10_CostOfLiving/cost_10' is clicked on

2019-07-18 15:08:12 - [TEST_STEP][PASSED] - click(findTestObject("Tab_LifePlan/Page_Q11_CurrentSavingsAmount/amount_500")): Object: 'Object Repository/Tab_LifePlan/Page_Q11_CurrentSavingsAmount/amount_500' is clicked on

2019-07-18 15:08:13 - [MESSAGE][PASSED] - Object: 'Object Repository/Tab_LifePlan/Page_Q11_CurrentSavingsAmount/amount_500' is clicked on

2019-07-18 15:08:13 - [TEST_STEP][PASSED] - waitForElementPresent(findTestObject("Tab_LifePlan/Page_LifePlanResult/tv_AmountAt65"), 20): Object 'Object Repository/Tab_LifePlan/Page_LifePlanResult/tv_AmountAt65' is present

2019-07-18 15:08:14 - [MESSAGE][PASSED] - Object 'Object Repository/Tab_LifePlan/Page_LifePlanResult/tv_AmountAt65' is present

2019-07-18 15:08:14 - [TEST_STEP][PASSED] - amountAt65OnWebApp = getText(findTestObject("Tab_LifePlan/Page_LifePlanResult/tv_AmountAt65")): Text of object 'Object Repository/Tab_LifePlan/Page_LifePlanResult/tv_AmountAt65' is: '+421.27'

2019-07-18 15:08:14 - [MESSAGE][PASSED] - Text of object 'Object Repository/Tab_LifePlan/Page_LifePlanResult/tv_AmountAt65' is: '+421.27'

2019-07-18 15:08:14 - [TEST_STEP][PASSED] - log.logInfo(amountAt65OnWebApp): +421.27

2019-07-18 15:08:14 - [MESSAGE][INFO] - +421.27

2019-07-18 15:08:14 - [TEST_STEP][PASSED] - closeBrowser(): Browser is closed

2019-07-18 15:08:15 - [MESSAGE][PASSED] - Browser is closed

2019-07-18 15:08:15 - [TEST_STEP][PASSED] - return amountAt65OnWebApp: null

2019-07-18 15:08:15 - [MESSAGE][PASSED] - Call Test Case 'Test Cases/TC_LifePlanAnalytics/TC_Scr01-32' successfully

2019-07-18 15:08:15 - [TEST_STEP][PASSED] - log.logInfo("TC_Scr01-" + i + " = " + amountAt65OnWebApp): TC_Scr01-32 = +421.27

2019-07-18 15:08:15 - [MESSAGE][INFO] - TC_Scr01-32 = +421.27

2019-07-18 15:08:15 - [TEST_STEP][PASSED] - setValueToCellByIndex(sheet01, 11 + i, 24, amountAt65OnWebApp): null

2019-07-18 15:08:15 - [TEST_STEP][PASSED] - saveWorkbook(excelFile, lifePlanFile): null]]></system-out>
         <system-err><![CDATA[]]></system-err>
      </testcase>
      <system-out><![CDATA[2019-07-18 14:59:24 - [TEST_SUITE][PASSED] - TS_LogicLifePlan: Test Cases/Write/TC_WriteDataIntoExcelFile]]></system-out>
      <system-err><![CDATA[]]></system-err>
   </testsuite>
</testsuites>
